#
# A fatal error has been detected by the Java Runtime Environment:
#
#  EXCEPTION_ACCESS_VIOLATION (0xc0000005) at pc=0x00007ff80af248e2, pid=5532, tid=6568
#
# JRE version: Java(TM) SE Runtime Environment (17.0.2+8) (build 17.0.2+8-LTS-86)
# Java VM: Java HotSpot(TM) 64-Bit Server VM (17.0.2+8-LTS-86, mixed mode, sharing, tiered, compressed oops, compressed class ptrs, g1 gc, windows-amd64)
# Problematic frame:
# C  [MSCTF.dll+0x648e2]
#
# No core dump will be written. Minidumps are not enabled by default on client versions of Windows
#
# If you would like to submit a bug report, please visit:
#   https://bugreport.java.com/bugreport/crash.jsp
# The crash happened outside the Java Virtual Machine in native code.
# See problematic frame for where to report the bug.
#

---------------  S U M M A R Y ------------

Command Line: C:\Users\fred8\Desktop\Mindustry\Mindustry.jar

Host: Intel(R) Core(TM) i5-6200U CPU @ 2.30GHz, 4 cores, 7G,  Windows 10 , 64 bit Build 19041 (10.0.19041.1706)
Time: Mon May 30 22:48:16 2022  Windows 10 , 64 bit Build 19041 (10.0.19041.1706) elapsed time: 125.905908 seconds (0d 0h 2m 5s)

---------------  T H R E A D  ---------------

Current thread (0x00000256897ccaa0):  JavaThread "main" [_thread_in_native, id=6568, stack(0x0000007be6800000,0x0000007be6900000)]

Stack: [0x0000007be6800000,0x0000007be6900000],  sp=0x0000007be68ff140,  free space=1020k
Native frames: (J=compiled Java code, j=interpreted, Vv=VM code, C=native code)
C  [MSCTF.dll+0x648e2]

Java frames: (J=compiled Java code, j=interpreted, Vv=VM code)
j  arc.backend.sdl.jni.SDL.SDL_Quit()V+0
j  arc.backend.sdl.SdlApplication.cleanup()V+20
j  arc.backend.sdl.SdlApplication.<init>(Larc/ApplicationListener;Larc/backend/sdl/SdlConfig;)V+176
j  mindustry.desktop.DesktopLauncher.main([Ljava/lang/String;)V+23
v  ~StubRoutines::call_stub

siginfo: EXCEPTION_ACCESS_VIOLATION (0xc0000005), reading address 0x00007fffdd034f40


Register to memory mapping:

RIP=0x00007ff80af248e2 MSCTF.dll
RAX=0x00007fffdd034f30 is an unknown value
RBX=0x00000256a7d8e570 points into unknown readable memory: 0x00007ff80af98620 | 20 86 f9 0a f8 7f 00 00
RCX=0x00000256877fed50 points into unknown readable memory: 0x00007fffdd034f30 | 30 4f 03 dd ff 7f 00 00
RDX=0x0 is NULL
RSP=0x0000007be68ff140 is pointing into the stack for thread: 0x00000256897ccaa0
RBP=0x0000007be68ff570 is pointing into the stack for thread: 0x00000256897ccaa0
RSI=0x0 is NULL
RDI=0x00000256a7fd54c0 points into unknown readable memory: 0x00007ff80af95e80 | 80 5e f9 0a f8 7f 00 00
R8 =0x0000000000000002 is an unknown value
R9 =0x0000000000000001 is an unknown value
R10=0x0 is NULL
R11=0x0000007be68ff0b0 is pointing into the stack for thread: 0x00000256897ccaa0
R12=0x00000000000003ff is an unknown value
R13={method} {0x00000256a78aa390} 'SDL_Quit' '()V' in 'arc/backend/sdl/jni/SDL'
R14=0x0 is NULL
R15=0x0 is NULL


Registers:
RAX=0x00007fffdd034f30, RBX=0x00000256a7d8e570, RCX=0x00000256877fed50, RDX=0x0000000000000000
RSP=0x0000007be68ff140, RBP=0x0000007be68ff570, RSI=0x0000000000000000, RDI=0x00000256a7fd54c0
R8 =0x0000000000000002, R9 =0x0000000000000001, R10=0x0000000000000000, R11=0x0000007be68ff0b0
R12=0x00000000000003ff, R13=0x00000256a78aa388, R14=0x0000000000000000, R15=0x0000000000000000
RIP=0x00007ff80af248e2, EFLAGS=0x0000000000210206

Top of Stack: (sp=0x0000007be68ff140)
0x0000007be68ff140:   00000256a71727e0 00000256a7d8e570
0x0000007be68ff150:   00000000ffffffff 00007ff80aed522c
0x0000007be68ff160:   00000256a7d8e570 00007ff80af24b22
0x0000007be68ff170:   0000000000000000 00000256a7fd54c0
0x0000007be68ff180:   0000000000000080 0000025600000000
0x0000007be68ff190:   0000000000000000 00007ff80af26f37
0x0000007be68ff1a0:   00000256a7fd54c0 00000256a78aa388
0x0000007be68ff1b0:   0000000000000000 00000256a7fd54c0
0x0000007be68ff1c0:   00000256a7fd54c0 00007ff80af0c2aa
0x0000007be68ff1d0:   00000256a7d8e570 0000007be68ff570
0x0000007be68ff1e0:   0000000000000001 00000256a7fd54c0
0x0000007be68ff1f0:   00000256a7fd54c0 00007ff80aee2048
0x0000007be68ff200:   00000256acd30170 0000007be68ff570
0x0000007be68ff210:   0000000000000001 0000000000000001
0x0000007be68ff220:   0000000000000101 0000000000000001
0x0000007be68ff230:   0000000100000001 0000000169dbdebe 

Instructions: (pc=0x00007ff80af248e2)
0x00007ff80af247e2:   01 49 8b f8 48 89 51 10 48 8b d9 48 85 d2 74 10
0x00007ff80af247f2:   48 8b 02 48 8b ca 48 8b 40 08 ff 15 0e 88 07 00
0x00007ff80af24802:   48 89 7b 18 48 85 ff 74 10 48 8b 07 48 8b cf 48
0x00007ff80af24812:   8b 40 08 ff 15 f5 87 07 00 48 8b c3 48 8b 5c 24
0x00007ff80af24822:   30 48 83 c4 20 5f c3 cc cc cc cc cc cc cc c7 41
0x00007ff80af24832:   10 01 00 00 00 48 8d 05 e2 3d 07 00 48 89 01 33
0x00007ff80af24842:   d2 48 8d 05 be 3b 07 00 48 89 41 08 48 8d 05 6b
0x00007ff80af24852:   0c 07 00 48 89 51 38 48 89 51 40 48 89 41 60 48
0x00007ff80af24862:   8b c1 48 89 51 70 48 89 51 68 48 89 51 78 48 89
0x00007ff80af24872:   91 80 00 00 00 c3 cc cc cc cc cc cc cc cc e9 b3
0x00007ff80af24882:   12 fa ff cc cc cc cc cc cc cc e9 db 17 fa ff cc
0x00007ff80af24892:   cc cc cc cc cc cc 40 53 48 83 ec 20 48 8d 05 7b
0x00007ff80af248a2:   3d 07 00 48 8b d9 48 89 01 48 8d 05 56 3b 07 00
0x00007ff80af248b2:   48 89 41 08 e8 5d 2f 00 00 48 8b 4b 48 48 85 c9
0x00007ff80af248c2:   74 12 48 8b 01 48 8b 40 10 ff 15 3f 87 07 00 48
0x00007ff80af248d2:   83 63 48 00 48 8b 4b 18 48 85 c9 74 12 48 8b 01
0x00007ff80af248e2:   48 8b 40 10 ff 15 24 87 07 00 48 83 63 18 00 48
0x00007ff80af248f2:   8b 8b 90 00 00 00 48 85 c9 74 0d e8 4a 6d 01 00
0x00007ff80af24902:   48 83 a3 90 00 00 00 00 48 8b 8b 80 00 00 00 48
0x00007ff80af24912:   85 c9 74 0d 48 8b 01 48 8b 40 10 ff 15 ed 86 07
0x00007ff80af24922:   00 48 8b 4b 78 48 85 c9 74 0d 48 8b 01 48 8b 40
0x00007ff80af24932:   10 ff 15 d7 86 07 00 48 8b 4b 68 48 8d 05 7c 0b
0x00007ff80af24942:   07 00 48 89 43 60 48 85 c9 74 0c 48 ff 15 34 7f
0x00007ff80af24952:   07 00 0f 1f 44 00 00 48 8b 4b 40 48 85 c9 74 0d
0x00007ff80af24962:   48 8b 01 48 8b 40 10 ff 15 a1 86 07 00 48 8b 4b
0x00007ff80af24972:   38 48 85 c9 74 0d 48 8b 01 48 8b 40 10 ff 15 8b
0x00007ff80af24982:   86 07 00 48 83 c4 20 5b c3 cc cc cc cc cc cc cc
0x00007ff80af24992:   cc cc 40 53 48 83 ec 20 48 8d 05 5f 3b 07 00 48
0x00007ff80af249a2:   8b d9 48 89 01 48 8d 05 22 3b 07 00 48 89 41 08
0x00007ff80af249b2:   48 8d 05 cf 3a 07 00 48 89 41 10 48 8d 05 9c 3a
0x00007ff80af249c2:   07 00 48 89 41 18 48 8d 05 39 3a 07 00 48 89 41
0x00007ff80af249d2:   20 48 83 c1 58 e8 90 07 00 00 48 8d 05 95 0f 07 


Stack slot to memory mapping:
stack at sp + 0 slots: 0x00000256a71727e0 points into unknown readable memory: 0x00000256a7179fa0 | a0 9f 17 a7 56 02 00 00
stack at sp + 1 slots: 0x00000256a7d8e570 points into unknown readable memory: 0x00007ff80af98620 | 20 86 f9 0a f8 7f 00 00
stack at sp + 2 slots: 0x00000000ffffffff is an unallocated location in the heap
stack at sp + 3 slots: 0x00007ff80aed522c MSCTF.dll
stack at sp + 4 slots: 0x00000256a7d8e570 points into unknown readable memory: 0x00007ff80af98620 | 20 86 f9 0a f8 7f 00 00
stack at sp + 5 slots: 0x00007ff80af24b22 MSCTF.dll
stack at sp + 6 slots: 0x0 is NULL
stack at sp + 7 slots: 0x00000256a7fd54c0 points into unknown readable memory: 0x00007ff80af95e80 | 80 5e f9 0a f8 7f 00 00


---------------  P R O C E S S  ---------------

Threads class SMR info:
_java_thread_list=0x00000256a7e285c0, length=25, elements={
0x00000256897ccaa0, 0x00000256a702cef0, 0x00000256a702f980, 0x00000256a70486a0,
0x00000256a7048c60, 0x00000256a7049220, 0x00000256a704cce0, 0x00000256a70596a0,
0x00000256a7059d50, 0x00000256a7065360, 0x00000256a7cc1470, 0x00000256a7ccc730,
0x00000256b018c3e0, 0x00000256b2d6f7c0, 0x00000256b2d6fc90, 0x00000256b2d68de0,
0x00000256b2d6ee20, 0x00000256b2d6a120, 0x00000256b2d6aac0, 0x00000256b2d6b460,
0x00000256b2d6dae0, 0x00000256b2fdca90, 0x00000256b2fe2ad0, 0x00000256b2fe2130,
0x00000256b2fde770
}

Java Threads: ( => current thread )
=>0x00000256897ccaa0 JavaThread "main" [_thread_in_native, id=6568, stack(0x0000007be6800000,0x0000007be6900000)]
  0x00000256a702cef0 JavaThread "Reference Handler" daemon [_thread_blocked, id=1740, stack(0x0000007be6f00000,0x0000007be7000000)]
  0x00000256a702f980 JavaThread "Finalizer" daemon [_thread_blocked, id=9016, stack(0x0000007be7000000,0x0000007be7100000)]
  0x00000256a70486a0 JavaThread "Signal Dispatcher" daemon [_thread_blocked, id=4512, stack(0x0000007be7100000,0x0000007be7200000)]
  0x00000256a7048c60 JavaThread "Attach Listener" daemon [_thread_blocked, id=5884, stack(0x0000007be7200000,0x0000007be7300000)]
  0x00000256a7049220 JavaThread "Service Thread" daemon [_thread_blocked, id=3356, stack(0x0000007be7300000,0x0000007be7400000)]
  0x00000256a704cce0 JavaThread "Monitor Deflation Thread" daemon [_thread_blocked, id=4832, stack(0x0000007be7400000,0x0000007be7500000)]
  0x00000256a70596a0 JavaThread "C2 CompilerThread0" daemon [_thread_blocked, id=6984, stack(0x0000007be7500000,0x0000007be7600000)]
  0x00000256a7059d50 JavaThread "C1 CompilerThread0" daemon [_thread_blocked, id=5508, stack(0x0000007be7600000,0x0000007be7700000)]
  0x00000256a7065360 JavaThread "Sweeper thread" daemon [_thread_blocked, id=8688, stack(0x0000007be7700000,0x0000007be7800000)]
  0x00000256a7cc1470 JavaThread "Notification Thread" daemon [_thread_blocked, id=8712, stack(0x0000007be7800000,0x0000007be7900000)]
  0x00000256a7ccc730 JavaThread "Common-Cleaner" daemon [_thread_blocked, id=3676, stack(0x0000007be7a00000,0x0000007be7b00000)]
  0x00000256b018c3e0 JavaThread "AsyncExecutor-Thread" daemon [_thread_blocked, id=6248, stack(0x0000007be8300000,0x0000007be8400000)]
  0x00000256b2d6f7c0 JavaThread "AsyncExecutor-Thread" daemon [_thread_blocked, id=2764, stack(0x0000007be8700000,0x0000007be8800000)]
  0x00000256b2d6fc90 JavaThread "AsyncExecutor-Thread" daemon [_thread_blocked, id=8696, stack(0x0000007be8800000,0x0000007be8900000)]
  0x00000256b2d68de0 JavaThread "AsyncExecutor-Thread" daemon [_thread_blocked, id=4368, stack(0x0000007be8900000,0x0000007be8a00000)]
  0x00000256b2d6ee20 JavaThread "AsyncExecutor-Thread" daemon [_thread_blocked, id=6300, stack(0x0000007be8a00000,0x0000007be8b00000)]
  0x00000256b2d6a120 JavaThread "AsyncExecutor-Thread" daemon [_thread_blocked, id=3828, stack(0x0000007be8b00000,0x0000007be8c00000)]
  0x00000256b2d6aac0 JavaThread "AsyncExecutor-Thread" daemon [_thread_blocked, id=2396, stack(0x0000007be9000000,0x0000007be9100000)]
  0x00000256b2d6b460 JavaThread "AsyncExecutor-Thread" daemon [_thread_blocked, id=7952, stack(0x0000007be8f00000,0x0000007be9000000)]
  0x00000256b2d6dae0 JavaThread "AsyncExecutor-Thread" daemon [_thread_blocked, id=5116, stack(0x0000007be9200000,0x0000007be9300000)]
  0x00000256b2fdca90 JavaThread "AsyncLogic-Thread" daemon [_thread_blocked, id=5888, stack(0x0000007be9300000,0x0000007be9400000)]
  0x00000256b2fe2ad0 JavaThread "AsyncLogic-Thread" daemon [_thread_blocked, id=6016, stack(0x0000007be9400000,0x0000007be9500000)]
  0x00000256b2fe2130 JavaThread "AsyncLogic-Thread" daemon [_thread_blocked, id=3244, stack(0x0000007be9500000,0x0000007be9600000)]
  0x00000256b2fde770 JavaThread "AsyncExecutor-Thread" daemon [_thread_blocked, id=7004, stack(0x0000007be6500000,0x0000007be6600000)]

Other Threads:
  0x00000256a70282f0 VMThread "VM Thread" [stack: 0x0000007be6e00000,0x0000007be6f00000] [id=4844]
  0x0000025689867fc0 WatcherThread [stack: 0x0000007be7900000,0x0000007be7a00000] [id=7660]
  0x000002568980b510 GCTaskThread "GC Thread#0" [stack: 0x0000007be6900000,0x0000007be6a00000] [id=5544]
  0x00000256acf898b0 GCTaskThread "GC Thread#1" [stack: 0x0000007be8000000,0x0000007be8100000] [id=2900]
  0x00000256acf90040 GCTaskThread "GC Thread#2" [stack: 0x0000007be8100000,0x0000007be8200000] [id=8416]
  0x00000256ad0e5fb0 GCTaskThread "GC Thread#3" [stack: 0x0000007be8200000,0x0000007be8300000] [id=2136]
  0x000002568981c970 ConcurrentGCThread "G1 Main Marker" [stack: 0x0000007be6a00000,0x0000007be6b00000] [id=7240]
  0x000002568981e390 ConcurrentGCThread "G1 Conc#0" [stack: 0x0000007be6b00000,0x0000007be6c00000] [id=7380]
  0x00000256898ad920 ConcurrentGCThread "G1 Refine#0" [stack: 0x0000007be6c00000,0x0000007be6d00000] [id=6704]
  0x00000256b0211140 ConcurrentGCThread "G1 Refine#1" [stack: 0x0000007be8500000,0x0000007be8600000] [id=3180]
  0x00000256b0212560 ConcurrentGCThread "G1 Refine#2" [stack: 0x0000007be8600000,0x0000007be8700000] [id=6168]
  0x00000256a6ee2400 ConcurrentGCThread "G1 Service" [stack: 0x0000007be6d00000,0x0000007be6e00000] [id=5492]

Threads with active compile tasks:

VM state: not at safepoint (normal execution)

VM Mutex/Monitor currently owned by a thread: None

Heap address: 0x0000000081400000, size: 2028 MB, Compressed Oops mode: 32-bit

CDS archive(s) mapped at: [0x0000000800000000-0x0000000800bc0000-0x0000000800bc0000), size 12320768, SharedBaseAddress: 0x0000000800000000, ArchiveRelocationMode: 0.
Compressed class space mapped at: 0x0000000800c00000-0x0000000840c00000, reserved size: 1073741824
Narrow klass base: 0x0000000800000000, Narrow klass shift: 0, Narrow klass range: 0x100000000

GC Precious Log:
 CPUs: 4 total, 4 available
 Memory: 8107M
 Large Page Support: Disabled
 NUMA Support: Disabled
 Compressed Oops: Enabled (32-bit)
 Heap Region Size: 1M
 Heap Min Capacity: 8M
 Heap Initial Capacity: 128M
 Heap Max Capacity: 2028M
 Pre-touch: Disabled
 Parallel Workers: 4
 Concurrent Workers: 1
 Concurrent Refinement Workers: 4
 Periodic GC: Disabled

Heap:
 garbage-first heap   total 179200K, used 109923K [0x0000000081400000, 0x0000000100000000)
  region size 1024K, 9 young (9216K), 4 survivors (4096K)
 Metaspace       used 54290K, committed 54848K, reserved 1097728K
  class space    used 8873K, committed 9088K, reserved 1048576K

Heap Regions: E=young(eden), S=young(survivor), O=old, HS=humongous(starts), HC=humongous(continues), CS=collection set, F=free, OA=open archive, CA=closed archive, TAMS=top-at-mark-start (previous, next)
|   0|0x0000000081400000, 0x0000000081500000, 0x0000000081500000|100%| O|  |TAMS 0x0000000081500000, 0x0000000081400000| Untracked 
|   1|0x0000000081500000, 0x0000000081600000, 0x0000000081600000|100%|HS|  |TAMS 0x0000000081600000, 0x0000000081500000| Complete 
|   2|0x0000000081600000, 0x0000000081700000, 0x0000000081700000|100%| O|  |TAMS 0x0000000081700000, 0x0000000081600000| Untracked 
|   3|0x0000000081700000, 0x0000000081800000, 0x0000000081800000|100%| O|  |TAMS 0x0000000081800000, 0x0000000081700000| Untracked 
|   4|0x0000000081800000, 0x0000000081900000, 0x0000000081900000|100%| O|  |TAMS 0x0000000081900000, 0x0000000081800000| Untracked 
|   5|0x0000000081900000, 0x0000000081a00000, 0x0000000081a00000|100%| O|  |TAMS 0x0000000081a00000, 0x0000000081900000| Untracked 
|   6|0x0000000081a00000, 0x0000000081b00000, 0x0000000081b00000|100%| O|  |TAMS 0x0000000081b00000, 0x0000000081a00000| Untracked 
|   7|0x0000000081b00000, 0x0000000081c00000, 0x0000000081c00000|100%| O|  |TAMS 0x0000000081c00000, 0x0000000081b00000| Untracked 
|   8|0x0000000081c00000, 0x0000000081d00000, 0x0000000081d00000|100%| O|  |TAMS 0x0000000081d00000, 0x0000000081c00000| Untracked 
|   9|0x0000000081d00000, 0x0000000081e00000, 0x0000000081e00000|100%| O|  |TAMS 0x0000000081e00000, 0x0000000081d00000| Untracked 
|  10|0x0000000081e00000, 0x0000000081f00000, 0x0000000081f00000|100%| O|  |TAMS 0x0000000081f00000, 0x0000000081e00000| Untracked 
|  11|0x0000000081f00000, 0x0000000082000000, 0x0000000082000000|100%| O|  |TAMS 0x0000000082000000, 0x0000000081f00000| Untracked 
|  12|0x0000000082000000, 0x0000000082100000, 0x0000000082100000|100%| O|  |TAMS 0x0000000082100000, 0x0000000082000000| Untracked 
|  13|0x0000000082100000, 0x0000000082200000, 0x0000000082200000|100%| O|  |TAMS 0x0000000082200000, 0x0000000082100000| Untracked 
|  14|0x0000000082200000, 0x0000000082300000, 0x0000000082300000|100%| O|  |TAMS 0x0000000082300000, 0x0000000082200000| Untracked 
|  15|0x0000000082300000, 0x0000000082400000, 0x0000000082400000|100%| O|  |TAMS 0x0000000082400000, 0x0000000082300000| Untracked 
|  16|0x0000000082400000, 0x0000000082500000, 0x0000000082500000|100%| O|  |TAMS 0x0000000082500000, 0x0000000082400000| Untracked 
|  17|0x0000000082500000, 0x0000000082600000, 0x0000000082600000|100%| O|  |TAMS 0x0000000082600000, 0x0000000082500000| Untracked 
|  18|0x0000000082600000, 0x0000000082700000, 0x0000000082700000|100%| O|  |TAMS 0x0000000082700000, 0x0000000082600000| Untracked 
|  19|0x0000000082700000, 0x0000000082800000, 0x0000000082800000|100%| O|  |TAMS 0x0000000082800000, 0x0000000082700000| Untracked 
|  20|0x0000000082800000, 0x00000000828e7c00, 0x0000000082900000| 90%| O|  |TAMS 0x00000000828e7c00, 0x0000000082800000| Untracked 
|  21|0x0000000082900000, 0x0000000082a00000, 0x0000000082a00000|100%| O|  |TAMS 0x0000000082a00000, 0x0000000082900000| Complete 
|  22|0x0000000082a00000, 0x0000000082b00000, 0x0000000082b00000|100%| O|  |TAMS 0x0000000082b00000, 0x0000000082a00000| Untracked 
|  23|0x0000000082b00000, 0x0000000082c00000, 0x0000000082c00000|100%| O|  |TAMS 0x0000000082c00000, 0x0000000082b00000| Untracked 
|  24|0x0000000082c00000, 0x0000000082d00000, 0x0000000082d00000|100%| O|  |TAMS 0x0000000082d00000, 0x0000000082c00000| Untracked 
|  25|0x0000000082d00000, 0x0000000082e00000, 0x0000000082e00000|100%|HS|  |TAMS 0x0000000082e00000, 0x0000000082d00000| Complete 
|  26|0x0000000082e00000, 0x0000000082f00000, 0x0000000082f00000|100%| O|  |TAMS 0x0000000082f00000, 0x0000000082e00000| Untracked 
|  27|0x0000000082f00000, 0x0000000083000000, 0x0000000083000000|100%| O|  |TAMS 0x0000000083000000, 0x0000000082f00000| Untracked 
|  28|0x0000000083000000, 0x0000000083100000, 0x0000000083100000|100%| O|  |TAMS 0x0000000083100000, 0x0000000083000000| Untracked 
|  29|0x0000000083100000, 0x0000000083200000, 0x0000000083200000|100%| O|  |TAMS 0x0000000083200000, 0x0000000083100000| Untracked 
|  30|0x0000000083200000, 0x0000000083300000, 0x0000000083300000|100%| O|  |TAMS 0x0000000083300000, 0x0000000083200000| Untracked 
|  31|0x0000000083300000, 0x0000000083400000, 0x0000000083400000|100%| O|  |TAMS 0x0000000083400000, 0x0000000083300000| Untracked 
|  32|0x0000000083400000, 0x0000000083500000, 0x0000000083500000|100%| O|  |TAMS 0x0000000083500000, 0x0000000083400000| Untracked 
|  33|0x0000000083500000, 0x0000000083600000, 0x0000000083600000|100%| O|  |TAMS 0x0000000083600000, 0x0000000083500000| Untracked 
|  34|0x0000000083600000, 0x0000000083700000, 0x0000000083700000|100%| O|  |TAMS 0x0000000083700000, 0x0000000083600000| Untracked 
|  35|0x0000000083700000, 0x0000000083800000, 0x0000000083800000|100%| O|  |TAMS 0x0000000083800000, 0x0000000083700000| Untracked 
|  36|0x0000000083800000, 0x0000000083900000, 0x0000000083900000|100%| O|  |TAMS 0x0000000083900000, 0x0000000083800000| Untracked 
|  37|0x0000000083900000, 0x0000000083a00000, 0x0000000083a00000|100%| O|  |TAMS 0x0000000083a00000, 0x0000000083900000| Untracked 
|  38|0x0000000083a00000, 0x0000000083b00000, 0x0000000083b00000|100%| O|  |TAMS 0x0000000083b00000, 0x0000000083a00000| Untracked 
|  39|0x0000000083b00000, 0x0000000083c00000, 0x0000000083c00000|100%| O|  |TAMS 0x0000000083c00000, 0x0000000083b00000| Untracked 
|  40|0x0000000083c00000, 0x0000000083d00000, 0x0000000083d00000|100%| O|  |TAMS 0x0000000083d00000, 0x0000000083c00000| Untracked 
|  41|0x0000000083d00000, 0x0000000083e00000, 0x0000000083e00000|100%| O|  |TAMS 0x0000000083e00000, 0x0000000083d00000| Untracked 
|  42|0x0000000083e00000, 0x0000000083f00000, 0x0000000083f00000|100%| O|  |TAMS 0x0000000083f00000, 0x0000000083e00000| Untracked 
|  43|0x0000000083f00000, 0x0000000084000000, 0x0000000084000000|100%| O|  |TAMS 0x0000000084000000, 0x0000000083f00000| Untracked 
|  44|0x0000000084000000, 0x0000000084100000, 0x0000000084100000|100%| O|  |TAMS 0x0000000084100000, 0x0000000084000000| Untracked 
|  45|0x0000000084100000, 0x0000000084200000, 0x0000000084200000|100%| O|  |TAMS 0x0000000084200000, 0x0000000084100000| Untracked 
|  46|0x0000000084200000, 0x0000000084300000, 0x0000000084300000|100%| O|  |TAMS 0x0000000084300000, 0x0000000084200000| Untracked 
|  47|0x0000000084300000, 0x0000000084400000, 0x0000000084400000|100%| O|  |TAMS 0x0000000084400000, 0x0000000084300000| Untracked 
|  48|0x0000000084400000, 0x0000000084500000, 0x0000000084500000|100%| O|  |TAMS 0x0000000084500000, 0x0000000084400000| Untracked 
|  49|0x0000000084500000, 0x0000000084600000, 0x0000000084600000|100%| O|  |TAMS 0x0000000084600000, 0x0000000084500000| Untracked 
|  50|0x0000000084600000, 0x0000000084700000, 0x0000000084700000|100%| O|  |TAMS 0x0000000084700000, 0x0000000084600000| Untracked 
|  51|0x0000000084700000, 0x0000000084800000, 0x0000000084800000|100%| O|  |TAMS 0x0000000084800000, 0x0000000084700000| Untracked 
|  52|0x0000000084800000, 0x0000000084900000, 0x0000000084900000|100%| O|  |TAMS 0x0000000084900000, 0x0000000084800000| Untracked 
|  53|0x0000000084900000, 0x0000000084a00000, 0x0000000084a00000|100%| O|  |TAMS 0x0000000084a00000, 0x0000000084900000| Untracked 
|  54|0x0000000084a00000, 0x0000000084b00000, 0x0000000084b00000|100%| O|  |TAMS 0x0000000084b00000, 0x0000000084a00000| Untracked 
|  55|0x0000000084b00000, 0x0000000084c00000, 0x0000000084c00000|100%| O|  |TAMS 0x0000000084b00000, 0x0000000084b00000| Untracked 
|  56|0x0000000084c00000, 0x0000000084d00000, 0x0000000084d00000|100%| O|  |TAMS 0x0000000084c00000, 0x0000000084c00000| Untracked 
|  57|0x0000000084d00000, 0x0000000084e00000, 0x0000000084e00000|100%| O|  |TAMS 0x0000000084d00000, 0x0000000084d00000| Untracked 
|  58|0x0000000084e00000, 0x0000000084f00000, 0x0000000084f00000|100%| O|  |TAMS 0x0000000084e00000, 0x0000000084e00000| Untracked 
|  59|0x0000000084f00000, 0x0000000085000000, 0x0000000085000000|100%| O|  |TAMS 0x0000000084f00000, 0x0000000084f00000| Untracked 
|  60|0x0000000085000000, 0x0000000085100000, 0x0000000085100000|100%| O|  |TAMS 0x0000000085000000, 0x0000000085000000| Untracked 
|  61|0x0000000085100000, 0x0000000085200000, 0x0000000085200000|100%| O|  |TAMS 0x0000000085100000, 0x0000000085100000| Untracked 
|  62|0x0000000085200000, 0x0000000085300000, 0x0000000085300000|100%| O|  |TAMS 0x0000000085200000, 0x0000000085200000| Untracked 
|  63|0x0000000085300000, 0x0000000085400000, 0x0000000085400000|100%| O|  |TAMS 0x0000000085300000, 0x0000000085300000| Untracked 
|  64|0x0000000085400000, 0x0000000085480000, 0x0000000085500000| 50%| O|  |TAMS 0x0000000085400000, 0x0000000085400000| Untracked 
|  65|0x0000000085500000, 0x0000000085500000, 0x0000000085600000|  0%| F|  |TAMS 0x0000000085500000, 0x0000000085500000| Untracked 
|  66|0x0000000085600000, 0x0000000085600000, 0x0000000085700000|  0%| F|  |TAMS 0x0000000085600000, 0x0000000085600000| Untracked 
|  67|0x0000000085700000, 0x0000000085700000, 0x0000000085800000|  0%| F|  |TAMS 0x0000000085700000, 0x0000000085700000| Untracked 
|  68|0x0000000085800000, 0x0000000085900000, 0x0000000085900000|100%| O|  |TAMS 0x0000000085900000, 0x0000000085800000| Untracked 
|  69|0x0000000085900000, 0x0000000085a00000, 0x0000000085a00000|100%| O|  |TAMS 0x0000000085a00000, 0x0000000085900000| Untracked 
|  70|0x0000000085a00000, 0x0000000085b00000, 0x0000000085b00000|100%| O|  |TAMS 0x0000000085b00000, 0x0000000085a00000| Untracked 
|  71|0x0000000085b00000, 0x0000000085c00000, 0x0000000085c00000|100%| O|  |TAMS 0x0000000085c00000, 0x0000000085b00000| Untracked 
|  72|0x0000000085c00000, 0x0000000085d00000, 0x0000000085d00000|100%| O|  |TAMS 0x0000000085d00000, 0x0000000085c00000| Untracked 
|  73|0x0000000085d00000, 0x0000000085e00000, 0x0000000085e00000|100%| O|  |TAMS 0x0000000085e00000, 0x0000000085d00000| Untracked 
|  74|0x0000000085e00000, 0x0000000085f00000, 0x0000000085f00000|100%| O|  |TAMS 0x0000000085f00000, 0x0000000085e00000| Untracked 
|  75|0x0000000085f00000, 0x0000000086000000, 0x0000000086000000|100%| O|  |TAMS 0x0000000086000000, 0x0000000085f00000| Untracked 
|  76|0x0000000086000000, 0x0000000086100000, 0x0000000086100000|100%| O|  |TAMS 0x0000000086100000, 0x0000000086000000| Untracked 
|  77|0x0000000086100000, 0x0000000086200000, 0x0000000086200000|100%| O|  |TAMS 0x0000000086200000, 0x0000000086100000| Untracked 
|  78|0x0000000086200000, 0x0000000086300000, 0x0000000086300000|100%| O|  |TAMS 0x0000000086300000, 0x0000000086200000| Untracked 
|  79|0x0000000086300000, 0x0000000086400000, 0x0000000086400000|100%| O|  |TAMS 0x0000000086400000, 0x0000000086300000| Untracked 
|  80|0x0000000086400000, 0x0000000086500000, 0x0000000086500000|100%| O|  |TAMS 0x0000000086500000, 0x0000000086400000| Untracked 
|  81|0x0000000086500000, 0x0000000086600000, 0x0000000086600000|100%| O|  |TAMS 0x0000000086600000, 0x0000000086500000| Untracked 
|  82|0x0000000086600000, 0x0000000086700000, 0x0000000086700000|100%| O|  |TAMS 0x0000000086700000, 0x0000000086600000| Untracked 
|  83|0x0000000086700000, 0x0000000086800000, 0x0000000086800000|100%| O|  |TAMS 0x0000000086800000, 0x0000000086700000| Untracked 
|  84|0x0000000086800000, 0x0000000086900000, 0x0000000086900000|100%| O|  |TAMS 0x0000000086900000, 0x0000000086800000| Untracked 
|  85|0x0000000086900000, 0x0000000086a00000, 0x0000000086a00000|100%| O|  |TAMS 0x0000000086a00000, 0x0000000086900000| Untracked 
|  86|0x0000000086a00000, 0x0000000086b00000, 0x0000000086b00000|100%| O|  |TAMS 0x0000000086b00000, 0x0000000086a00000| Untracked 
|  87|0x0000000086b00000, 0x0000000086c00000, 0x0000000086c00000|100%| O|  |TAMS 0x0000000086c00000, 0x0000000086b00000| Untracked 
|  88|0x0000000086c00000, 0x0000000086d00000, 0x0000000086d00000|100%| O|  |TAMS 0x0000000086d00000, 0x0000000086c00000| Untracked 
|  89|0x0000000086d00000, 0x0000000086e00000, 0x0000000086e00000|100%| O|  |TAMS 0x0000000086e00000, 0x0000000086d00000| Untracked 
|  90|0x0000000086e00000, 0x0000000086f00000, 0x0000000086f00000|100%| O|  |TAMS 0x0000000086f00000, 0x0000000086e00000| Untracked 
|  91|0x0000000086f00000, 0x0000000087000000, 0x0000000087000000|100%| O|  |TAMS 0x0000000087000000, 0x0000000086f00000| Untracked 
|  92|0x0000000087000000, 0x0000000087100000, 0x0000000087100000|100%| O|  |TAMS 0x0000000087100000, 0x0000000087000000| Untracked 
|  93|0x0000000087100000, 0x0000000087200000, 0x0000000087200000|100%| O|  |TAMS 0x0000000087200000, 0x0000000087100000| Untracked 
|  94|0x0000000087200000, 0x0000000087300000, 0x0000000087300000|100%| O|  |TAMS 0x0000000087300000, 0x0000000087200000| Untracked 
|  95|0x0000000087300000, 0x0000000087400000, 0x0000000087400000|100%| O|  |TAMS 0x0000000087400000, 0x0000000087300000| Untracked 
|  96|0x0000000087400000, 0x0000000087500000, 0x0000000087500000|100%| O|  |TAMS 0x0000000087500000, 0x0000000087400000| Untracked 
|  97|0x0000000087500000, 0x0000000087600000, 0x0000000087600000|100%| O|  |TAMS 0x0000000087600000, 0x0000000087500000| Untracked 
|  98|0x0000000087600000, 0x0000000087700000, 0x0000000087700000|100%| O|  |TAMS 0x0000000087700000, 0x0000000087600000| Untracked 
|  99|0x0000000087700000, 0x0000000087800000, 0x0000000087800000|100%| O|  |TAMS 0x0000000087800000, 0x0000000087700000| Untracked 
| 100|0x0000000087800000, 0x0000000087900000, 0x0000000087900000|100%| O|  |TAMS 0x0000000087900000, 0x0000000087800000| Untracked 
| 101|0x0000000087900000, 0x0000000087a00000, 0x0000000087a00000|100%| O|  |TAMS 0x0000000087a00000, 0x0000000087900000| Untracked 
| 102|0x0000000087a00000, 0x0000000087b00000, 0x0000000087b00000|100%| O|  |TAMS 0x0000000087b00000, 0x0000000087a00000| Complete 
| 103|0x0000000087b00000, 0x0000000087b00000, 0x0000000087c00000|  0%| F|  |TAMS 0x0000000087b00000, 0x0000000087b00000| Untracked 
| 104|0x0000000087c00000, 0x0000000087c00000, 0x0000000087d00000|  0%| F|  |TAMS 0x0000000087c00000, 0x0000000087c00000| Untracked 
| 105|0x0000000087d00000, 0x0000000087d00000, 0x0000000087e00000|  0%| F|  |TAMS 0x0000000087d00000, 0x0000000087d00000| Untracked 
| 106|0x0000000087e00000, 0x0000000087e00000, 0x0000000087f00000|  0%| F|  |TAMS 0x0000000087e00000, 0x0000000087e00000| Untracked 
| 107|0x0000000087f00000, 0x0000000087f00000, 0x0000000088000000|  0%| F|  |TAMS 0x0000000087f00000, 0x0000000087f00000| Untracked 
| 108|0x0000000088000000, 0x0000000088000000, 0x0000000088100000|  0%| F|  |TAMS 0x0000000088000000, 0x0000000088000000| Untracked 
| 109|0x0000000088100000, 0x0000000088100000, 0x0000000088200000|  0%| F|  |TAMS 0x0000000088100000, 0x0000000088100000| Untracked 
| 110|0x0000000088200000, 0x0000000088200000, 0x0000000088300000|  0%| F|  |TAMS 0x0000000088200000, 0x0000000088200000| Untracked 
| 111|0x0000000088300000, 0x0000000088300000, 0x0000000088400000|  0%| F|  |TAMS 0x0000000088300000, 0x0000000088300000| Untracked 
| 112|0x0000000088400000, 0x0000000088400000, 0x0000000088500000|  0%| F|  |TAMS 0x0000000088400000, 0x0000000088400000| Untracked 
| 113|0x0000000088500000, 0x0000000088500000, 0x0000000088600000|  0%| F|  |TAMS 0x0000000088500000, 0x0000000088500000| Untracked 
| 114|0x0000000088600000, 0x0000000088600000, 0x0000000088700000|  0%| F|  |TAMS 0x0000000088600000, 0x0000000088600000| Untracked 
| 115|0x0000000088700000, 0x0000000088700000, 0x0000000088800000|  0%| F|  |TAMS 0x0000000088700000, 0x0000000088700000| Untracked 
| 116|0x0000000088800000, 0x0000000088800000, 0x0000000088900000|  0%| F|  |TAMS 0x0000000088800000, 0x0000000088800000| Untracked 
| 117|0x0000000088900000, 0x0000000088900000, 0x0000000088a00000|  0%| F|  |TAMS 0x0000000088900000, 0x0000000088900000| Untracked 
| 118|0x0000000088a00000, 0x0000000088a00000, 0x0000000088b00000|  0%| F|  |TAMS 0x0000000088a00000, 0x0000000088a00000| Untracked 
| 119|0x0000000088b00000, 0x0000000088b00000, 0x0000000088c00000|  0%| F|  |TAMS 0x0000000088b00000, 0x0000000088b00000| Untracked 
| 120|0x0000000088c00000, 0x0000000088c00000, 0x0000000088d00000|  0%| F|  |TAMS 0x0000000088c00000, 0x0000000088c00000| Untracked 
| 121|0x0000000088d00000, 0x0000000088d00000, 0x0000000088e00000|  0%| F|  |TAMS 0x0000000088d00000, 0x0000000088d00000| Untracked 
| 122|0x0000000088e00000, 0x0000000088e00000, 0x0000000088f00000|  0%| F|  |TAMS 0x0000000088e00000, 0x0000000088e00000| Untracked 
| 123|0x0000000088f00000, 0x0000000088f00000, 0x0000000089000000|  0%| F|  |TAMS 0x0000000088f00000, 0x0000000088f00000| Untracked 
| 124|0x0000000089000000, 0x0000000089000000, 0x0000000089100000|  0%| F|  |TAMS 0x0000000089000000, 0x0000000089000000| Untracked 
| 125|0x0000000089100000, 0x0000000089100000, 0x0000000089200000|  0%| F|  |TAMS 0x0000000089100000, 0x0000000089100000| Untracked 
| 126|0x0000000089200000, 0x0000000089200000, 0x0000000089300000|  0%| F|  |TAMS 0x0000000089200000, 0x0000000089200000| Untracked 
| 127|0x0000000089300000, 0x0000000089300000, 0x0000000089400000|  0%| F|  |TAMS 0x0000000089300000, 0x0000000089300000| Untracked 
| 128|0x0000000089400000, 0x0000000089400000, 0x0000000089500000|  0%| F|  |TAMS 0x0000000089400000, 0x0000000089400000| Untracked 
| 129|0x0000000089500000, 0x0000000089500000, 0x0000000089600000|  0%| F|  |TAMS 0x0000000089500000, 0x0000000089500000| Untracked 
| 130|0x0000000089600000, 0x0000000089600000, 0x0000000089700000|  0%| F|  |TAMS 0x0000000089600000, 0x0000000089600000| Untracked 
| 131|0x0000000089700000, 0x0000000089700000, 0x0000000089800000|  0%| F|  |TAMS 0x0000000089700000, 0x0000000089700000| Untracked 
| 132|0x0000000089800000, 0x0000000089800000, 0x0000000089900000|  0%| F|  |TAMS 0x0000000089800000, 0x0000000089800000| Untracked 
| 133|0x0000000089900000, 0x0000000089900000, 0x0000000089a00000|  0%| F|  |TAMS 0x0000000089900000, 0x0000000089900000| Untracked 
| 134|0x0000000089a00000, 0x0000000089a00000, 0x0000000089b00000|  0%| F|  |TAMS 0x0000000089a00000, 0x0000000089a00000| Untracked 
| 135|0x0000000089b00000, 0x0000000089b00000, 0x0000000089c00000|  0%| F|  |TAMS 0x0000000089b00000, 0x0000000089b00000| Untracked 
| 136|0x0000000089c00000, 0x0000000089c00000, 0x0000000089d00000|  0%| F|  |TAMS 0x0000000089c00000, 0x0000000089c00000| Untracked 
| 137|0x0000000089d00000, 0x0000000089d00000, 0x0000000089e00000|  0%| F|  |TAMS 0x0000000089d00000, 0x0000000089d00000| Untracked 
| 138|0x0000000089e00000, 0x0000000089e00000, 0x0000000089f00000|  0%| F|  |TAMS 0x0000000089e00000, 0x0000000089e00000| Untracked 
| 139|0x0000000089f00000, 0x0000000089f00000, 0x000000008a000000|  0%| F|  |TAMS 0x0000000089f00000, 0x0000000089f00000| Untracked 
| 140|0x000000008a000000, 0x000000008a0f10b0, 0x000000008a100000| 94%| S|CS|TAMS 0x000000008a000000, 0x000000008a000000| Complete 
| 141|0x000000008a100000, 0x000000008a200000, 0x000000008a200000|100%| S|CS|TAMS 0x000000008a100000, 0x000000008a100000| Complete 
| 142|0x000000008a200000, 0x000000008a300000, 0x000000008a300000|100%| S|CS|TAMS 0x000000008a200000, 0x000000008a200000| Complete 
| 143|0x000000008a300000, 0x000000008a400000, 0x000000008a400000|100%| S|CS|TAMS 0x000000008a300000, 0x000000008a300000| Complete 
| 144|0x000000008a400000, 0x000000008a400000, 0x000000008a500000|  0%| F|  |TAMS 0x000000008a400000, 0x000000008a400000| Untracked 
| 145|0x000000008a500000, 0x000000008a500000, 0x000000008a600000|  0%| F|  |TAMS 0x000000008a500000, 0x000000008a500000| Untracked 
| 146|0x000000008a600000, 0x000000008a600000, 0x000000008a700000|  0%| F|  |TAMS 0x000000008a600000, 0x000000008a600000| Untracked 
| 147|0x000000008a700000, 0x000000008a700000, 0x000000008a800000|  0%| F|  |TAMS 0x000000008a700000, 0x000000008a700000| Untracked 
| 148|0x000000008a800000, 0x000000008a800000, 0x000000008a900000|  0%| F|  |TAMS 0x000000008a800000, 0x000000008a800000| Untracked 
| 149|0x000000008a900000, 0x000000008a900000, 0x000000008aa00000|  0%| F|  |TAMS 0x000000008a900000, 0x000000008a900000| Untracked 
| 150|0x000000008aa00000, 0x000000008aa00000, 0x000000008ab00000|  0%| F|  |TAMS 0x000000008aa00000, 0x000000008aa00000| Untracked 
| 151|0x000000008ab00000, 0x000000008ab00000, 0x000000008ac00000|  0%| F|  |TAMS 0x000000008ab00000, 0x000000008ab00000| Untracked 
| 152|0x000000008ac00000, 0x000000008ac00000, 0x000000008ad00000|  0%| F|  |TAMS 0x000000008ac00000, 0x000000008ac00000| Untracked 
| 153|0x000000008ad00000, 0x000000008ad00000, 0x000000008ae00000|  0%| F|  |TAMS 0x000000008ad00000, 0x000000008ad00000| Untracked 
| 154|0x000000008ae00000, 0x000000008ae00000, 0x000000008af00000|  0%| F|  |TAMS 0x000000008ae00000, 0x000000008ae00000| Untracked 
| 155|0x000000008af00000, 0x000000008af00000, 0x000000008b000000|  0%| F|  |TAMS 0x000000008af00000, 0x000000008af00000| Untracked 
| 156|0x000000008b000000, 0x000000008b000000, 0x000000008b100000|  0%| F|  |TAMS 0x000000008b000000, 0x000000008b000000| Untracked 
| 157|0x000000008b100000, 0x000000008b100000, 0x000000008b200000|  0%| F|  |TAMS 0x000000008b100000, 0x000000008b100000| Untracked 
| 158|0x000000008b200000, 0x000000008b200000, 0x000000008b300000|  0%| F|  |TAMS 0x000000008b200000, 0x000000008b200000| Untracked 
| 159|0x000000008b300000, 0x000000008b300000, 0x000000008b400000|  0%| F|  |TAMS 0x000000008b300000, 0x000000008b300000| Untracked 
| 160|0x000000008b400000, 0x000000008b400000, 0x000000008b500000|  0%| F|  |TAMS 0x000000008b400000, 0x000000008b400000| Untracked 
| 161|0x000000008b500000, 0x000000008b500000, 0x000000008b600000|  0%| F|  |TAMS 0x000000008b500000, 0x000000008b500000| Untracked 
| 162|0x000000008b600000, 0x000000008b600000, 0x000000008b700000|  0%| F|  |TAMS 0x000000008b600000, 0x000000008b600000| Untracked 
| 163|0x000000008b700000, 0x000000008b700000, 0x000000008b800000|  0%| F|  |TAMS 0x000000008b700000, 0x000000008b700000| Untracked 
| 164|0x000000008b800000, 0x000000008b800000, 0x000000008b900000|  0%| F|  |TAMS 0x000000008b800000, 0x000000008b800000| Untracked 
| 165|0x000000008b900000, 0x000000008b900000, 0x000000008ba00000|  0%| F|  |TAMS 0x000000008b900000, 0x000000008b900000| Untracked 
| 166|0x000000008ba00000, 0x000000008ba00000, 0x000000008bb00000|  0%| F|  |TAMS 0x000000008ba00000, 0x000000008ba00000| Untracked 
| 167|0x000000008bb00000, 0x000000008bb00000, 0x000000008bc00000|  0%| F|  |TAMS 0x000000008bb00000, 0x000000008bb00000| Untracked 
| 168|0x000000008bc00000, 0x000000008bc00000, 0x000000008bd00000|  0%| F|  |TAMS 0x000000008bc00000, 0x000000008bc00000| Untracked 
| 169|0x000000008bd00000, 0x000000008bd00000, 0x000000008be00000|  0%| F|  |TAMS 0x000000008bd00000, 0x000000008bd00000| Untracked 
| 170|0x000000008be00000, 0x000000008bee7700, 0x000000008bf00000| 90%| E|  |TAMS 0x000000008be00000, 0x000000008be00000| Complete 
| 171|0x000000008bf00000, 0x000000008c000000, 0x000000008c000000|100%| E|CS|TAMS 0x000000008bf00000, 0x000000008bf00000| Complete 
| 194|0x000000008d600000, 0x000000008d700000, 0x000000008d700000|100%| E|CS|TAMS 0x000000008d600000, 0x000000008d600000| Complete 
| 195|0x000000008d700000, 0x000000008d800000, 0x000000008d800000|100%| E|CS|TAMS 0x000000008d700000, 0x000000008d700000| Complete 
| 196|0x000000008d800000, 0x000000008d900000, 0x000000008d900000|100%| E|CS|TAMS 0x000000008d800000, 0x000000008d800000| Complete 

Card table byte_map: [0x00000256a0430000,0x00000256a0830000] _byte_map_base: 0x00000256a0026000

Marking Bits (Prev, Next): (CMBitMap*) 0x000002568980bb60, (CMBitMap*) 0x000002568980bb20
 Prev Bits: [0x00000256a2be0000, 0x00000256a4b90000)
 Next Bits: [0x00000256a0c30000, 0x00000256a2be0000)

Polling page: 0x0000025688fb0000

Metaspace:

Usage:
  Non-class:     44.35 MB used.
      Class:      8.67 MB used.
       Both:     53.02 MB used.

Virtual space:
  Non-class space:       48.00 MB reserved,      44.69 MB ( 93%) committed,  6 nodes.
      Class space:        1.00 GB reserved,       8.88 MB ( <1%) committed,  1 nodes.
             Both:        1.05 GB reserved,      53.56 MB (  5%) committed. 

Chunk freelists:
   Non-Class:  2.92 MB
       Class:  3.04 MB
        Both:  5.96 MB

MaxMetaspaceSize: unlimited
CompressedClassSpaceSize: 1.00 GB
Initial GC threshold: 21.00 MB
Current GC threshold: 89.31 MB
CDS: on
MetaspaceReclaimPolicy: balanced
 - commit_granule_bytes: 65536.
 - commit_granule_words: 8192.
 - virtual_space_node_default_size: 1048576.
 - enlarge_chunks_in_place: 1.
 - new_chunks_are_fully_committed: 0.
 - uncommit_free_chunks: 1.
 - use_allocation_guard: 0.
 - handle_deallocations: 1.


Internal statistics:

num_allocs_failed_limit: 6.
num_arena_births: 490.
num_arena_deaths: 18.
num_vsnodes_births: 7.
num_vsnodes_deaths: 0.
num_space_committed: 857.
num_space_uncommitted: 0.
num_chunks_returned_to_freelist: 26.
num_chunks_taken_from_freelist: 2299.
num_chunk_merges: 11.
num_chunk_splits: 1601.
num_chunks_enlarged: 1208.
num_purges: 4.
num_inconsistent_stats: 0.

CodeHeap 'non-profiled nmethods': size=120000Kb used=5852Kb max_used=5852Kb free=114147Kb
 bounds [0x0000025698b00000, 0x00000256990c0000, 0x00000256a0030000]
CodeHeap 'profiled nmethods': size=120000Kb used=14772Kb max_used=14772Kb free=105227Kb
 bounds [0x00000256915d0000, 0x0000025692450000, 0x0000025698b00000]
CodeHeap 'non-nmethods': size=5760Kb used=1513Kb max_used=1603Kb free=4246Kb
 bounds [0x0000025691030000, 0x00000256912a0000, 0x00000256915d0000]
 total_blobs=7965 nmethods=7065 adapters=812
 compilation: enabled
              stopped_count=0, restarted_count=0
 full_count=0

Compilation events (20 events):
Event: 124.330 Thread 0x00000256a70596a0 8473       4       arc.graphics.g2d.SortedSpriteBatch::draw (106 bytes)
Event: 124.365 Thread 0x00000256a70596a0 nmethod 8473 0x00000256990b5210 code [0x00000256990b5420, 0x00000256990b64c8]
Event: 124.961 Thread 0x00000256a7059d50 8474       3       mindustry.ui.fragments.MenuFragment$$Lambda$2677/0x0000000801482d68::get (8 bytes)
Event: 124.962 Thread 0x00000256a7059d50 nmethod 8474 0x0000025692162990 code [0x0000025692162b40, 0x0000025692162ef8]
Event: 124.962 Thread 0x00000256a7059d50 8475       3       mindustry.ui.fragments.MenuFragment::lambda$buildDesktop$26 (16 bytes)
Event: 124.963 Thread 0x00000256a7059d50 nmethod 8475 0x0000025692168f90 code [0x0000025692169140, 0x0000025692169478]
Event: 124.963 Thread 0x00000256a7059d50 8476       3       mindustry.ui.fragments.MenuFragment$$Lambda$2658/0x000000080147db08::get (4 bytes)
Event: 124.963 Thread 0x00000256a7059d50 nmethod 8476 0x000002569243ee90 code [0x000002569243f040, 0x000002569243f3f8]
Event: 124.963 Thread 0x00000256a7059d50 8477       3       mindustry.ui.fragments.MenuFragment::lambda$build$0 (18 bytes)
Event: 124.964 Thread 0x00000256a7059d50 nmethod 8477 0x000002569243f510 code [0x000002569243f6c0, 0x000002569243f9f8]
Event: 124.964 Thread 0x00000256a7059d50 8478       3       mindustry.ui.fragments.MenuFragment$$Lambda$2659/0x000000080147dd20::draw (13 bytes)
Event: 124.965 Thread 0x00000256a7059d50 nmethod 8478 0x000002569243fb10 code [0x000002569243fcc0, 0x000002569243fe88]
Event: 124.965 Thread 0x00000256a7059d50 8479       3       mindustry.ui.fragments.MenuFragment::lambda$build$1 (8 bytes)
Event: 124.965 Thread 0x00000256a7059d50 nmethod 8479 0x0000025692168b90 code [0x0000025692168d40, 0x0000025692168ea8]
Event: 124.965 Thread 0x00000256a7059d50 8480       3       mindustry.ui.fragments.MenuFragment$$Lambda$2679/0x00000008014831a8::draw (13 bytes)
Event: 124.966 Thread 0x00000256a7059d50 nmethod 8480 0x000002569243ff90 code [0x0000025692440120, 0x0000025692440268]
Event: 125.229 Thread 0x00000256a70596a0 8481       4       arc.struct.Seq::indexOf (87 bytes)
Event: 125.233 Thread 0x00000256a70596a0 nmethod 8481 0x00000256990b6c10 code [0x00000256990b6da0, 0x00000256990b6f18]
Event: 125.815 Thread 0x00000256a7059d50 8482       3       java.text.DateFormatSymbols::getProviderInstance (37 bytes)
Event: 125.816 Thread 0x00000256a7059d50 nmethod 8482 0x0000025692440310 code [0x0000025692440500, 0x0000025692440918]

GC Heap History (20 events):
Event: 16.338 GC heap before
{Heap before GC invocations=34 (full 0):
 garbage-first heap   total 201728K, used 92674K [0x0000000081400000, 0x0000000100000000)
  region size 1024K, 5 young (5120K), 1 survivors (1024K)
 Metaspace       used 40089K, committed 40448K, reserved 1089536K
  class space    used 7077K, committed 7232K, reserved 1048576K
}
Event: 16.343 GC heap after
{Heap after GC invocations=35 (full 0):
 garbage-first heap   total 201728K, used 32330K [0x0000000081400000, 0x0000000100000000)
  region size 1024K, 1 young (1024K), 1 survivors (1024K)
 Metaspace       used 40089K, committed 40448K, reserved 1089536K
  class space    used 7077K, committed 7232K, reserved 1048576K
}
Event: 16.557 GC heap before
{Heap before GC invocations=36 (full 0):
 garbage-first heap   total 201728K, used 99914K [0x0000000081400000, 0x0000000100000000)
  region size 1024K, 11 young (11264K), 1 survivors (1024K)
 Metaspace       used 40089K, committed 40448K, reserved 1089536K
  class space    used 7077K, committed 7232K, reserved 1048576K
}
Event: 16.559 GC heap after
{Heap after GC invocations=37 (full 0):
 garbage-first heap   total 201728K, used 40569K [0x0000000081400000, 0x0000000100000000)
  region size 1024K, 2 young (2048K), 2 survivors (2048K)
 Metaspace       used 40089K, committed 40448K, reserved 1089536K
  class space    used 7077K, committed 7232K, reserved 1048576K
}
Event: 17.125 GC heap before
{Heap before GC invocations=37 (full 0):
 garbage-first heap   total 201728K, used 153209K [0x0000000081400000, 0x0000000100000000)
  region size 1024K, 64 young (65536K), 2 survivors (2048K)
 Metaspace       used 40091K, committed 40448K, reserved 1089536K
  class space    used 7077K, committed 7232K, reserved 1048576K
}
Event: 17.127 GC heap after
{Heap after GC invocations=38 (full 0):
 garbage-first heap   total 201728K, used 27371K [0x0000000081400000, 0x0000000100000000)
  region size 1024K, 1 young (1024K), 1 survivors (1024K)
 Metaspace       used 40091K, committed 40448K, reserved 1089536K
  class space    used 7077K, committed 7232K, reserved 1048576K
}
Event: 17.335 GC heap before
{Heap before GC invocations=39 (full 0):
 garbage-first heap   total 171008K, used 81643K [0x0000000081400000, 0x0000000100000000)
  region size 1024K, 7 young (7168K), 1 survivors (1024K)
 Metaspace       used 40091K, committed 40448K, reserved 1089536K
  class space    used 7077K, committed 7232K, reserved 1048576K
}
Event: 17.337 GC heap after
{Heap after GC invocations=40 (full 0):
 garbage-first heap   total 171008K, used 28441K [0x0000000081400000, 0x0000000100000000)
  region size 1024K, 1 young (1024K), 1 survivors (1024K)
 Metaspace       used 40091K, committed 40448K, reserved 1089536K
  class space    used 7077K, committed 7232K, reserved 1048576K
}
Event: 17.536 GC heap before
{Heap before GC invocations=41 (full 0):
 garbage-first heap   total 171008K, used 97049K [0x0000000081400000, 0x0000000100000000)
  region size 1024K, 23 young (23552K), 1 survivors (1024K)
 Metaspace       used 40091K, committed 40448K, reserved 1089536K
  class space    used 7077K, committed 7232K, reserved 1048576K
}
Event: 17.537 GC heap after
{Heap after GC invocations=42 (full 0):
 garbage-first heap   total 171008K, used 42738K [0x0000000081400000, 0x0000000100000000)
  region size 1024K, 2 young (2048K), 2 survivors (2048K)
 Metaspace       used 40091K, committed 40448K, reserved 1089536K
  class space    used 7077K, committed 7232K, reserved 1048576K
}
Event: 17.700 GC heap before
{Heap before GC invocations=42 (full 0):
 garbage-first heap   total 171008K, used 91890K [0x0000000081400000, 0x0000000100000000)
  region size 1024K, 18 young (18432K), 2 survivors (2048K)
 Metaspace       used 40091K, committed 40448K, reserved 1089536K
  class space    used 7077K, committed 7232K, reserved 1048576K
}
Event: 17.704 GC heap after
{Heap after GC invocations=43 (full 0):
 garbage-first heap   total 171008K, used 34172K [0x0000000081400000, 0x0000000100000000)
  region size 1024K, 2 young (2048K), 2 survivors (2048K)
 Metaspace       used 40091K, committed 40448K, reserved 1089536K
  class space    used 7077K, committed 7232K, reserved 1048576K
}
Event: 24.105 GC heap before
{Heap before GC invocations=44 (full 0):
 garbage-first heap   total 171008K, used 161148K [0x0000000081400000, 0x0000000100000000)
  region size 1024K, 91 young (93184K), 2 survivors (2048K)
 Metaspace       used 40956K, committed 41344K, reserved 1089536K
  class space    used 7175K, committed 7360K, reserved 1048576K
}
Event: 24.169 GC heap after
{Heap after GC invocations=45 (full 0):
 garbage-first heap   total 176128K, used 38058K [0x0000000081400000, 0x0000000100000000)
  region size 1024K, 11 young (11264K), 11 survivors (11264K)
 Metaspace       used 40956K, committed 41344K, reserved 1089536K
  class space    used 7175K, committed 7360K, reserved 1048576K
}
Event: 47.467 GC heap before
{Heap before GC invocations=45 (full 0):
 garbage-first heap   total 176128K, used 134314K [0x0000000081400000, 0x0000000100000000)
  region size 1024K, 103 young (105472K), 11 survivors (11264K)
 Metaspace       used 52258K, committed 52736K, reserved 1097728K
  class space    used 8697K, committed 8896K, reserved 1048576K
}
Event: 47.556 GC heap after
{Heap after GC invocations=46 (full 0):
 garbage-first heap   total 176128K, used 64477K [0x0000000081400000, 0x0000000100000000)
  region size 1024K, 13 young (13312K), 13 survivors (13312K)
 Metaspace       used 52258K, committed 52736K, reserved 1097728K
  class space    used 8697K, committed 8896K, reserved 1048576K
}
Event: 71.644 GC heap before
{Heap before GC invocations=46 (full 0):
 garbage-first heap   total 176128K, used 122845K [0x0000000081400000, 0x0000000100000000)
  region size 1024K, 71 young (72704K), 13 survivors (13312K)
 Metaspace       used 54011K, committed 54528K, reserved 1097728K
  class space    used 8838K, committed 9024K, reserved 1048576K
}
Event: 71.672 GC heap after
{Heap after GC invocations=47 (full 0):
 garbage-first heap   total 176128K, used 101279K [0x0000000081400000, 0x0000000100000000)
  region size 1024K, 9 young (9216K), 9 survivors (9216K)
 Metaspace       used 54011K, committed 54528K, reserved 1097728K
  class space    used 8838K, committed 9024K, reserved 1048576K
}
Event: 118.679 GC heap before
{Heap before GC invocations=47 (full 0):
 garbage-first heap   total 176128K, used 129951K [0x0000000081400000, 0x0000000100000000)
  region size 1024K, 37 young (37888K), 9 survivors (9216K)
 Metaspace       used 54289K, committed 54848K, reserved 1097728K
  class space    used 8871K, committed 9088K, reserved 1048576K
}
Event: 118.689 GC heap after
{Heap after GC invocations=48 (full 0):
 garbage-first heap   total 176128K, used 105827K [0x0000000081400000, 0x0000000100000000)
  region size 1024K, 4 young (4096K), 4 survivors (4096K)
 Metaspace       used 54289K, committed 54848K, reserved 1097728K
  class space    used 8871K, committed 9088K, reserved 1048576K
}

Deoptimization events (20 events):
Event: 123.942 Thread 0x00000256897ccaa0 Uncommon trap: trap_request=0xffffff45 fr.pc=0x0000025698e3f5f4 relative=0x0000000000000154
Event: 123.942 Thread 0x00000256897ccaa0 Uncommon trap: reason=unstable_if action=reinterpret pc=0x0000025698e3f5f4 method=mindustry.ui.CoreItemsDisplay.lambda$rebuild$0(Lmindustry/type/Item;)Z @ 4 c2
Event: 123.942 Thread 0x00000256897ccaa0 DEOPT PACKING pc=0x0000025698e3f5f4 sp=0x0000007be68fec20
Event: 123.942 Thread 0x00000256897ccaa0 DEOPT UNPACKING pc=0x00000256910823a3 sp=0x0000007be68feb48 mode 2
Event: 123.942 Thread 0x00000256897ccaa0 Uncommon trap: trap_request=0xffffff45 fr.pc=0x0000025698f31b38 relative=0x0000000000000e98
Event: 123.942 Thread 0x00000256897ccaa0 Uncommon trap: reason=unstable_if action=reinterpret pc=0x0000025698f31b38 method=mindustry.ui.fragments.PlacementFragment.lambda$build$8(Lmindustry/world/Block;Larc/scene/ui/ImageButton;)V @ 16 c2
Event: 123.942 Thread 0x00000256897ccaa0 DEOPT PACKING pc=0x0000025698f31b38 sp=0x0000007be68feba0
Event: 123.943 Thread 0x00000256897ccaa0 DEOPT UNPACKING pc=0x00000256910823a3 sp=0x0000007be68feb80 mode 2
Event: 123.943 Thread 0x00000256897ccaa0 Uncommon trap: trap_request=0xffffff45 fr.pc=0x0000025699009bf0 relative=0x0000000000000070
Event: 123.943 Thread 0x00000256897ccaa0 Uncommon trap: reason=unstable_if action=reinterpret pc=0x0000025699009bf0 method=mindustry.world.meta.BuildVisibility.lambda$static$4()Z @ 15 c2
Event: 123.943 Thread 0x00000256897ccaa0 DEOPT PACKING pc=0x0000025699009bf0 sp=0x0000007be68feaf0
Event: 123.943 Thread 0x00000256897ccaa0 DEOPT UNPACKING pc=0x00000256910823a3 sp=0x0000007be68fea20 mode 2
Event: 123.943 Thread 0x00000256897ccaa0 Uncommon trap: trap_request=0xffffff45 fr.pc=0x0000025698b73fb4 relative=0x0000000000000374
Event: 123.943 Thread 0x00000256897ccaa0 Uncommon trap: reason=unstable_if action=reinterpret pc=0x0000025698b73fb4 method=mindustry.world.Block.isPlaceable()Z @ 4 c2
Event: 123.943 Thread 0x00000256897ccaa0 DEOPT PACKING pc=0x0000025698b73fb4 sp=0x0000007be68feb50
Event: 123.943 Thread 0x00000256897ccaa0 DEOPT UNPACKING pc=0x00000256910823a3 sp=0x0000007be68feb10 mode 2
Event: 125.816 Thread 0x00000256b2d6aac0 Uncommon trap: trap_request=0xffffffde fr.pc=0x0000025698ff73f0 relative=0x0000000000001bb0
Event: 125.816 Thread 0x00000256b2d6aac0 Uncommon trap: reason=class_check action=maybe_recompile pc=0x0000025698ff73f0 method=java.util.concurrent.Executors$RunnableAdapter.call()Ljava/lang/Object; @ 4 c2
Event: 125.816 Thread 0x00000256b2d6aac0 DEOPT PACKING pc=0x0000025698ff73f0 sp=0x0000007be90ff240
Event: 125.816 Thread 0x00000256b2d6aac0 DEOPT UNPACKING pc=0x00000256910823a3 sp=0x0000007be90ff230 mode 2

Classes unloaded (9 events):
Event: 11.690 Thread 0x00000256a70282f0 Unloading class 0x0000000800f78800 'rhino/gen/main_js_5'
Event: 11.690 Thread 0x00000256a70282f0 Unloading class 0x0000000800f78000 'rhino/gen/initscript_js_4'
Event: 118.860 Thread 0x00000256a70282f0 Unloading class 0x0000000801367800 'rhino/gen/approach_valid_js_18'
Event: 118.860 Thread 0x00000256a70282f0 Unloading class 0x0000000801367000 'rhino/gen/approach_init_js_17'
Event: 118.860 Thread 0x00000256a70282f0 Unloading class 0x0000000801366800 'rhino/gen/approach_executor_js_16'
Event: 118.860 Thread 0x00000256a70282f0 Unloading class 0x0000000801366000 'rhino/gen/approach_init_js_15'
Event: 118.860 Thread 0x00000256a70282f0 Unloading class 0x0000000801365800 'rhino/gen/collect_init_js_14'
Event: 118.860 Thread 0x00000256a70282f0 Unloading class 0x0000000801365000 'rhino/gen/collect_executor_js_13'
Event: 118.860 Thread 0x00000256a70282f0 Unloading class 0x0000000801364800 'rhino/gen/collect_init_js_12'

Classes redefined (0 events):
No events

Internal exceptions (20 events):
Event: 117.680 Thread 0x00000256897ccaa0 Exception <a 'java/io/IOException'{0x000000008a4926e8}> (0x000000008a4926e8) 
thrown [t:\workspace\open\src\hotspot\share\prims\jni.cpp, line 516]
Event: 118.692 Thread 0x00000256897ccaa0 Exception <a 'java/io/IOException'{0x000000008d812d90}> (0x000000008d812d90) 
thrown [t:\workspace\open\src\hotspot\share\prims\jni.cpp, line 516]
Event: 118.692 Thread 0x00000256897ccaa0 Exception <a 'java/io/IOException'{0x000000008d813168}> (0x000000008d813168) 
thrown [t:\workspace\open\src\hotspot\share\prims\jni.cpp, line 516]
Event: 119.696 Thread 0x00000256897ccaa0 Exception <a 'java/io/IOException'{0x000000008d8a8c68}> (0x000000008d8a8c68) 
thrown [t:\workspace\open\src\hotspot\share\prims\jni.cpp, line 516]
Event: 119.696 Thread 0x00000256897ccaa0 Exception <a 'java/io/IOException'{0x000000008d8a9040}> (0x000000008d8a9040) 
thrown [t:\workspace\open\src\hotspot\share\prims\jni.cpp, line 516]
Event: 120.696 Thread 0x00000256897ccaa0 Exception <a 'java/io/IOException'{0x000000008d734600}> (0x000000008d734600) 
thrown [t:\workspace\open\src\hotspot\share\prims\jni.cpp, line 516]
Event: 120.696 Thread 0x00000256897ccaa0 Exception <a 'java/io/IOException'{0x000000008d7349d8}> (0x000000008d7349d8) 
thrown [t:\workspace\open\src\hotspot\share\prims\jni.cpp, line 516]
Event: 121.697 Thread 0x00000256897ccaa0 Exception <a 'java/io/IOException'{0x000000008d7ce450}> (0x000000008d7ce450) 
thrown [t:\workspace\open\src\hotspot\share\prims\jni.cpp, line 516]
Event: 121.697 Thread 0x00000256897ccaa0 Exception <a 'java/io/IOException'{0x000000008d7ce828}> (0x000000008d7ce828) 
thrown [t:\workspace\open\src\hotspot\share\prims\jni.cpp, line 516]
Event: 122.697 Thread 0x00000256897ccaa0 Exception <a 'java/io/IOException'{0x000000008d659608}> (0x000000008d659608) 
thrown [t:\workspace\open\src\hotspot\share\prims\jni.cpp, line 516]
Event: 122.697 Thread 0x00000256897ccaa0 Exception <a 'java/io/IOException'{0x000000008d6599e0}> (0x000000008d6599e0) 
thrown [t:\workspace\open\src\hotspot\share\prims\jni.cpp, line 516]
Event: 123.699 Thread 0x00000256897ccaa0 Exception <a 'java/io/IOException'{0x000000008bf1c260}> (0x000000008bf1c260) 
thrown [t:\workspace\open\src\hotspot\share\prims\jni.cpp, line 516]
Event: 123.699 Thread 0x00000256897ccaa0 Exception <a 'java/io/IOException'{0x000000008bf1c638}> (0x000000008bf1c638) 
thrown [t:\workspace\open\src\hotspot\share\prims\jni.cpp, line 516]
Event: 123.931 Thread 0x00000256b2d6a5f0 Exception <a 'java/lang/InterruptedException'{0x000000008bf88c70}: sleep interrupted> (0x000000008bf88c70) 
thrown [t:\workspace\open\src\hotspot\share\prims\jvm.cpp, line 3067]
Event: 123.942 Thread 0x00000256897ccaa0 Implicit null exception at 0x0000025698e3f506 to 0x0000025698e3f5e0
Event: 124.712 Thread 0x00000256897ccaa0 Exception <a 'java/io/IOException'{0x000000008be21e28}> (0x000000008be21e28) 
thrown [t:\workspace\open\src\hotspot\share\prims\jni.cpp, line 516]
Event: 124.713 Thread 0x00000256897ccaa0 Exception <a 'java/io/IOException'{0x000000008be22200}> (0x000000008be22200) 
thrown [t:\workspace\open\src\hotspot\share\prims\jni.cpp, line 516]
Event: 125.712 Thread 0x00000256897ccaa0 Exception <a 'java/io/IOException'{0x000000008be6e9c0}> (0x000000008be6e9c0) 
thrown [t:\workspace\open\src\hotspot\share\prims\jni.cpp, line 516]
Event: 125.712 Thread 0x00000256897ccaa0 Exception <a 'java/io/IOException'{0x000000008be6ed98}> (0x000000008be6ed98) 
thrown [t:\workspace\open\src\hotspot\share\prims\jni.cpp, line 516]
Event: 125.811 Thread 0x00000256897ccaa0 Exception <a 'java/lang/IncompatibleClassChangeError'{0x000000008be76090}: Found class java.lang.Object, but interface was expected> (0x000000008be76090) 
thrown [t:\workspace\open\src\hotspot\share\interpreter\linkResolver.cpp, line 833]

VM Operations (20 events):
Event: 112.691 Executing VM operation: Cleanup
Event: 112.691 Executing VM operation: Cleanup done
Event: 114.692 Executing VM operation: Cleanup
Event: 114.692 Executing VM operation: Cleanup done
Event: 116.693 Executing VM operation: Cleanup
Event: 116.693 Executing VM operation: Cleanup done
Event: 118.679 Executing VM operation: G1CollectForAllocation
Event: 118.689 Executing VM operation: G1CollectForAllocation done
Event: 118.859 Executing VM operation: G1Concurrent
Event: 118.886 Executing VM operation: G1Concurrent done
Event: 118.973 Executing VM operation: G1Concurrent
Event: 118.974 Executing VM operation: G1Concurrent done
Event: 120.975 Executing VM operation: Cleanup
Event: 120.975 Executing VM operation: Cleanup done
Event: 122.975 Executing VM operation: Cleanup
Event: 122.975 Executing VM operation: Cleanup done
Event: 123.942 Executing VM operation: HandshakeAllThreads
Event: 123.943 Executing VM operation: HandshakeAllThreads done
Event: 124.943 Executing VM operation: Cleanup
Event: 124.943 Executing VM operation: Cleanup done

Events (20 events):
Event: 58.095 Thread 0x00000256acf6e410 Thread exited: 0x00000256acf6e410
Event: 65.349 Thread 0x00000256a7065360 flushing nmethod 0x0000025698ed6e10
Event: 65.349 Thread 0x00000256a7065360 flushing nmethod 0x0000025698ede590
Event: 65.349 Thread 0x00000256a7065360 flushing nmethod 0x0000025698f13590
Event: 65.351 Thread 0x00000256a7065360 flushing nmethod 0x00000256917cc510
Event: 65.352 Thread 0x00000256a7065360 flushing nmethod 0x0000025691999190
Event: 65.354 Thread 0x00000256a7065360 flushing nmethod 0x0000025691c36890
Event: 65.354 Thread 0x00000256a7065360 flushing nmethod 0x0000025691c4b090
Event: 65.355 Thread 0x00000256a7065360 flushing nmethod 0x0000025691d16290
Event: 65.358 Thread 0x00000256a7065360 flushing nmethod 0x000002569211cc90
Event: 65.358 Thread 0x00000256a7065360 flushing nmethod 0x0000025692134890
Event: 108.782 Thread 0x00000256b3002810 Thread added: 0x00000256b3002810
Event: 109.394 Thread 0x00000256b3002810 Thread exited: 0x00000256b3002810
Event: 123.112 Thread 0x00000256b30069e0 Thread added: 0x00000256b30069e0
Event: 123.478 Thread 0x00000256b30069e0 Thread exited: 0x00000256b30069e0
Event: 123.931 Thread 0x00000256b2d6a5f0 Thread exited: 0x00000256b2d6a5f0
Event: 123.961 Thread 0x00000256a7065360 flushing nmethod 0x0000025692162990
Event: 123.961 Thread 0x00000256a7065360 flushing nmethod 0x0000025692168b90
Event: 125.816 Thread 0x00000256b2fde770 Thread added: 0x00000256b2fde770
Event: 125.817 Thread 0x00000256b2d6dfb0 Thread exited: 0x00000256b2d6dfb0


Dynamic libraries:
0x00007ff652f80000 - 0x00007ff652f90000 	C:\Program Files\Java\jdk-17.0.2\bin\javaw.exe
0x00007ff80c370000 - 0x00007ff80c565000 	C:\WINDOWS\SYSTEM32\ntdll.dll
0x00007ff80ac50000 - 0x00007ff80ad0d000 	C:\WINDOWS\System32\KERNEL32.DLL
0x00007ff80a0a0000 - 0x00007ff80a36d000 	C:\WINDOWS\System32\KERNELBASE.dll
0x00007ff809ae0000 - 0x00007ff809be0000 	C:\WINDOWS\System32\ucrtbase.dll
0x00007ff805660000 - 0x00007ff80567a000 	C:\Program Files\Java\jdk-17.0.2\bin\VCRUNTIME140.dll
0x00007ff805640000 - 0x00007ff805658000 	C:\Program Files\Java\jdk-17.0.2\bin\jli.dll
0x00007ff80bfe0000 - 0x00007ff80c08e000 	C:\WINDOWS\System32\ADVAPI32.dll
0x00007ff80b340000 - 0x00007ff80b3de000 	C:\WINDOWS\System32\msvcrt.dll
0x00007ff80c0b0000 - 0x00007ff80c14c000 	C:\WINDOWS\System32\sechost.dll
0x00007ff80c200000 - 0x00007ff80c325000 	C:\WINDOWS\System32\RPCRT4.dll
0x00007ff80be40000 - 0x00007ff80bfe0000 	C:\WINDOWS\System32\USER32.dll
0x00007ffff4680000 - 0x00007ffff491a000 	C:\WINDOWS\WinSxS\amd64_microsoft.windows.common-controls_6595b64144ccf1df_6.0.19041.1110_none_60b5254171f9507e\COMCTL32.dll
0x00007ff809ab0000 - 0x00007ff809ad2000 	C:\WINDOWS\System32\win32u.dll
0x00007ff80be10000 - 0x00007ff80be3a000 	C:\WINDOWS\System32\GDI32.dll
0x00007ff809be0000 - 0x00007ff809ceb000 	C:\WINDOWS\System32\gdi32full.dll
0x00007ff809ea0000 - 0x00007ff809f3d000 	C:\WINDOWS\System32\msvcp_win.dll
0x00007ffff6f10000 - 0x00007ffff6f1a000 	C:\WINDOWS\SYSTEM32\VERSION.dll
0x00007ff80a4b0000 - 0x00007ff80a4e0000 	C:\WINDOWS\System32\IMM32.DLL
0x00007ff802680000 - 0x00007ff80268c000 	C:\Program Files\Java\jdk-17.0.2\bin\vcruntime140_1.dll
0x00007fffeb960000 - 0x00007fffeb9ed000 	C:\Program Files\Java\jdk-17.0.2\bin\msvcp140.dll
0x00007fffc3730000 - 0x00007fffc42f1000 	C:\Program Files\Java\jdk-17.0.2\bin\server\jvm.dll
0x00007ff80bce0000 - 0x00007ff80bce8000 	C:\WINDOWS\System32\PSAPI.DLL
0x00007ffff70d0000 - 0x00007ffff70d9000 	C:\WINDOWS\SYSTEM32\WSOCK32.dll
0x00007ff80bda0000 - 0x00007ff80be0b000 	C:\WINDOWS\System32\WS2_32.dll
0x00007ffff88b0000 - 0x00007ffff88d7000 	C:\WINDOWS\SYSTEM32\WINMM.dll
0x00007ff807980000 - 0x00007ff807992000 	C:\WINDOWS\SYSTEM32\kernel.appcore.dll
0x00007ffff5980000 - 0x00007ffff598a000 	C:\Program Files\Java\jdk-17.0.2\bin\jimage.dll
0x00007ffff9e70000 - 0x00007ffffa054000 	C:\WINDOWS\SYSTEM32\DBGHELP.DLL
0x00007ffffa610000 - 0x00007ffffa63c000 	C:\WINDOWS\SYSTEM32\dbgcore.DLL
0x00007ff809cf0000 - 0x00007ff809d72000 	C:\WINDOWS\System32\bcryptPrimitives.dll
0x00007ffff3d40000 - 0x00007ffff3d65000 	C:\Program Files\Java\jdk-17.0.2\bin\java.dll
0x00007fffeb880000 - 0x00007fffeb956000 	C:\Program Files\Java\jdk-17.0.2\bin\jsvml.dll
0x00007ff80b440000 - 0x00007ff80bb84000 	C:\WINDOWS\System32\SHELL32.dll
0x00007ff807b80000 - 0x00007ff808314000 	C:\WINDOWS\SYSTEM32\windows.storage.dll
0x00007ff80afe0000 - 0x00007ff80b334000 	C:\WINDOWS\System32\combase.dll
0x00007ff809410000 - 0x00007ff80943c000 	C:\WINDOWS\SYSTEM32\Wldp.dll
0x00007ff80c150000 - 0x00007ff80c1fd000 	C:\WINDOWS\System32\SHCORE.dll
0x00007ff80ab20000 - 0x00007ff80ab75000 	C:\WINDOWS\System32\shlwapi.dll
0x00007ff8099c0000 - 0x00007ff8099df000 	C:\WINDOWS\SYSTEM32\profapi.dll
0x00007ffff3d20000 - 0x00007ffff3d39000 	C:\Program Files\Java\jdk-17.0.2\bin\net.dll
0x00007ffffc500000 - 0x00007ffffc60a000 	C:\WINDOWS\SYSTEM32\WINHTTP.dll
0x00007ff809170000 - 0x00007ff8091da000 	C:\WINDOWS\system32\mswsock.dll
0x00007fffeb860000 - 0x00007fffeb876000 	C:\Program Files\Java\jdk-17.0.2\bin\nio.dll
0x00007fffeb840000 - 0x00007fffeb858000 	C:\Program Files\Java\jdk-17.0.2\bin\zip.dll
0x0000000069eb0000 - 0x0000000069f78000 	C:\Users\fred8\AppData\Local\Temp\arc\5f24d8af\arc64.dll
0x0000000069c30000 - 0x0000000069eac000 	C:\Users\fred8\AppData\Local\Temp\arc\d279e965\sdl-arc64.dll
0x00007ff80a9f0000 - 0x00007ff80ab1a000 	C:\WINDOWS\System32\ole32.dll
0x00007ff80ab80000 - 0x00007ff80ac4d000 	C:\WINDOWS\System32\OLEAUT32.dll
0x00007ff80a4e0000 - 0x00007ff80a951000 	C:\WINDOWS\System32\SETUPAPI.dll
0x00007ff80a370000 - 0x00007ff80a3be000 	C:\WINDOWS\System32\cfgmgr32.dll
0x00007fffded60000 - 0x00007fffdee86000 	C:\WINDOWS\SYSTEM32\OPENGL32.dll
0x00007ff809a80000 - 0x00007ff809aa7000 	C:\WINDOWS\System32\bcrypt.dll
0x00007fffe5860000 - 0x00007fffe588c000 	C:\WINDOWS\SYSTEM32\GLU32.dll
0x00007ff8074a0000 - 0x00007ff80753e000 	C:\WINDOWS\system32\uxtheme.dll
0x00007ff803990000 - 0x00007ff803b44000 	C:\WINDOWS\SYSTEM32\WindowsCodecs.dll
0x00007ff803e90000 - 0x00007ff803f3e000 	C:\WINDOWS\SYSTEM32\mscms.dll
0x00007ff809940000 - 0x00007ff80996e000 	C:\WINDOWS\SYSTEM32\USERENV.dll
0x00007ff803be0000 - 0x00007ff803bf1000 	C:\WINDOWS\SYSTEM32\ColorAdapterClient.dll
0x00007fffeb7f0000 - 0x00007fffeb833000 	C:\WINDOWS\SYSTEM32\icm32.dll
0x0000000180000000 - 0x0000000180040000 	C:\Program Files\Fasoo DRM\f_nxa.dll
0x0000000061000000 - 0x00000000611d7000 	C:\Program Files\Fasoo DRM\f_sps.dll
0x00007ff808780000 - 0x00007ff8087b3000 	C:\WINDOWS\SYSTEM32\ntmarta.dll
0x00007ffff7160000 - 0x00007ffff7167000 	C:\WINDOWS\SYSTEM32\msimg32.dll
0x00007ffff4bc0000 - 0x00007ffff4c54000 	C:\WINDOWS\SYSTEM32\winspool.drv
0x00007ff805790000 - 0x00007ff8057a4000 	C:\WINDOWS\SYSTEM32\wtsapi32.dll
0x00007ff80aec0000 - 0x00007ff80afd5000 	C:\WINDOWS\System32\MSCTF.dll
0x00007ff80bcf0000 - 0x00007ff80bd99000 	C:\WINDOWS\System32\clbcatq.dll
0x00007fffc2450000 - 0x00007fffc336b000 	C:\WINDOWS\System32\DriverStore\FileRepository\igdlh64.inf_amd64_cc2f3842df008f96\ig9icd64.dll
0x00007ff807690000 - 0x00007ff8076bf000 	C:\WINDOWS\system32\dwmapi.dll
0x00007ff808380000 - 0x00007ff808473000 	C:\WINDOWS\system32\dxgi.dll
0x00007ff8002c0000 - 0x00007ff800464000 	C:\WINDOWS\System32\DriverStore\FileRepository\igdlh64.inf_amd64_cc2f3842df008f96\igdgmm64.dll
0x00007ffffc8e0000 - 0x00007ffffed7b000 	C:\WINDOWS\System32\DriverStore\FileRepository\igdlh64.inf_amd64_cc2f3842df008f96\igc64.dll
0x00007ff8098f0000 - 0x00007ff80993b000 	C:\WINDOWS\SYSTEM32\powrprof.dll
0x00007ff809820000 - 0x00007ff809832000 	C:\WINDOWS\SYSTEM32\UMPDC.dll
0x00007ff8054c0000 - 0x00007ff8055b6000 	C:\WINDOWS\SYSTEM32\PROPSYS.dll
0x00007ffff7ac0000 - 0x00007ffff7bb9000 	C:\WINDOWS\SYSTEM32\textinputframework.dll
0x00007ff8069b0000 - 0x00007ff806d0e000 	C:\WINDOWS\System32\CoreUIComponents.dll
0x00007ff807090000 - 0x00007ff807182000 	C:\WINDOWS\System32\CoreMessaging.dll
0x00007ff8059d0000 - 0x00007ff805b24000 	C:\WINDOWS\SYSTEM32\wintypes.dll
0x00007fffdcd60000 - 0x00007fffdcda1000 	C:\Windows\System32\IME\IMEKR\imkrapi.dll
0x00007ff805210000 - 0x00007ff8052b0000 	C:\WINDOWS\SYSTEM32\policymanager.dll
0x00007ff808b80000 - 0x00007ff808c0a000 	C:\WINDOWS\SYSTEM32\msvcp110_win.dll
0x00007fffdcd20000 - 0x00007fffdcd5e000 	C:\Windows\System32\IME\shared\imjkapi.dll
0x00007ff800020000 - 0x00007ff8000a5000 	C:\WINDOWS\System32\MMDevApi.dll
0x00007ff8097e0000 - 0x00007ff80980c000 	C:\WINDOWS\System32\DEVOBJ.dll
0x00007ffff78a0000 - 0x00007ffff7a22000 	C:\WINDOWS\SYSTEM32\AUDIOSES.DLL
0x00007ff807590000 - 0x00007ff8075a4000 	C:\WINDOWS\SYSTEM32\resourcepolicyclient.dll
0x00007ff809360000 - 0x00007ff809378000 	C:\WINDOWS\SYSTEM32\CRYPTSP.dll
0x00007ff808af0000 - 0x00007ff808b24000 	C:\WINDOWS\system32\rsaenh.dll
0x00007ff809380000 - 0x00007ff80938c000 	C:\WINDOWS\SYSTEM32\CRYPTBASE.dll
0x00007ff808e60000 - 0x00007ff808e9b000 	C:\WINDOWS\SYSTEM32\IPHLPAPI.DLL
0x00007ff80a3c0000 - 0x00007ff80a3c8000 	C:\WINDOWS\System32\NSI.dll
0x00007ff8002a0000 - 0x00007ff8002b7000 	C:\WINDOWS\SYSTEM32\dhcpcsvc6.DLL
0x00007ff800620000 - 0x00007ff80063d000 	C:\WINDOWS\SYSTEM32\dhcpcsvc.DLL
0x00007ff808ea0000 - 0x00007ff808f6b000 	C:\WINDOWS\SYSTEM32\DNSAPI.dll
0x0000000066f40000 - 0x0000000066fc3000 	C:\Users\fred8\AppData\Local\Temp\liblz4-java-13705039345342572989.so
0x00007ffff01c0000 - 0x00007ffff01ce000 	C:\Program Files\Java\jdk-17.0.2\bin\sunmscapi.dll
0x00007ff809f40000 - 0x00007ff80a096000 	C:\WINDOWS\System32\CRYPT32.dll
0x00007ff809480000 - 0x00007ff8094a7000 	C:\WINDOWS\SYSTEM32\ncrypt.dll
0x00007ff809440000 - 0x00007ff80947b000 	C:\WINDOWS\SYSTEM32\NTASN1.dll
0x00007fffecb90000 - 0x00007fffecb97000 	C:\WINDOWS\system32\wshunix.dll
0x0000000069bc0000 - 0x0000000069c27000 	C:\Users\fred8\AppData\Local\Temp\arc\955ce679\arc-freetype64.dll
0x00007ffffb6a0000 - 0x00007ffffb6aa000 	C:\Windows\System32\rasadhlp.dll
0x00007ffffb970000 - 0x00007ffffb9f0000 	C:\WINDOWS\System32\fwpuclnt.dll

dbghelp: loaded successfully - version: 4.0.5 - missing functions: none
symbol engine: initialized successfully - sym options: 0x614 - pdb path: .;C:\Program Files\Java\jdk-17.0.2\bin;C:\WINDOWS\SYSTEM32;C:\WINDOWS\WinSxS\amd64_microsoft.windows.common-controls_6595b64144ccf1df_6.0.19041.1110_none_60b5254171f9507e;C:\Program Files\Java\jdk-17.0.2\bin\server;C:\Users\fred8\AppData\Local\Temp\arc\5f24d8af;C:\Users\fred8\AppData\Local\Temp\arc\d279e965;C:\Program Files\Fasoo DRM;C:\WINDOWS\System32\DriverStore\FileRepository\igdlh64.inf_amd64_cc2f3842df008f96;C:\Windows\System32\IME\IMEKR;C:\Windows\System32\IME\shared;C:\Users\fred8\AppData\Local\Temp;C:\Users\fred8\AppData\Local\Temp\arc\955ce679

VM Arguments:
java_command: C:\Users\fred8\Desktop\Mindustry\Mindustry.jar
java_class_path (initial): C:\Users\fred8\Desktop\Mindustry\Mindustry.jar
Launcher Type: SUN_STANDARD

[Global flags]
     intx CICompilerCount                          = 3                                         {product} {ergonomic}
     uint ConcGCThreads                            = 1                                         {product} {ergonomic}
     uint G1ConcRefinementThreads                  = 4                                         {product} {ergonomic}
   size_t G1HeapRegionSize                         = 1048576                                   {product} {ergonomic}
    uintx GCDrainStackTargetSize                   = 64                                        {product} {ergonomic}
   size_t InitialHeapSize                          = 134217728                                 {product} {ergonomic}
   size_t MarkStackSize                            = 4194304                                   {product} {ergonomic}
   size_t MaxHeapSize                              = 2126512128                                {product} {ergonomic}
   size_t MaxNewSize                               = 1275068416                                {product} {ergonomic}
   size_t MinHeapDeltaBytes                        = 1048576                                   {product} {ergonomic}
   size_t MinHeapSize                              = 8388608                                   {product} {ergonomic}
    uintx NonNMethodCodeHeapSize                   = 5832780                                {pd product} {ergonomic}
    uintx NonProfiledCodeHeapSize                  = 122912730                              {pd product} {ergonomic}
    uintx ProfiledCodeHeapSize                     = 122912730                              {pd product} {ergonomic}
    uintx ReservedCodeCacheSize                    = 251658240                              {pd product} {ergonomic}
     bool SegmentedCodeCache                       = true                                      {product} {ergonomic}
   size_t SoftMaxHeapSize                          = 2126512128                             {manageable} {ergonomic}
     bool UseCompressedClassPointers               = true                           {product lp64_product} {ergonomic}
     bool UseCompressedOops                        = true                           {product lp64_product} {ergonomic}
     bool UseG1GC                                  = true                                      {product} {ergonomic}
     bool UseLargePagesIndividualAllocation        = false                                  {pd product} {ergonomic}

Logging:
Log output configuration:
 #0: stdout all=warning uptime,level,tags
 #1: stderr all=off uptime,level,tags

Environment Variables:
JAVA_HOME=C:\Program Files\Java\jdk-16.0.2
CLASSPATH=C:\Program Files\Java\jdk-16.0.2\lib
PATH=C:\Program Files\Java\jdk-16.0.2\bin;C:\WINDOWS\system32;C:\WINDOWS;C:\WINDOWS\System32\Wbem;C:\WINDOWS\System32\WindowsPowerShell\v1.0\;C:\WINDOWS\System32\OpenSSH\;C:\Gradle\gradle-7.3.3\bin;C:\Program Files\Bandizip\;C:\Program Files\Git\cmd;C:\Users\fred8\AppData\Local\Programs\Python\Python310\Scripts\;C:\Users\fred8\AppData\Local\Programs\Python\Python310\;C:\Users\fred8\AppData\Local\Microsoft\WindowsApps;C:\Program Files\JetBrains\IntelliJ IDEA 2020.3.2\bin;;C:\Program Files\JetBrains\IntelliJ IDEA Community Edition 2021.2.3\bin;;C:\Users\fred8\AppData\Local\Programs\Microsoft VS Code\bin;C:\Users\fred8\AppData\Local\GitHubDesktop\bin
USERNAME=fred8
OS=Windows_NT
PROCESSOR_IDENTIFIER=Intel64 Family 6 Model 78 Stepping 3, GenuineIntel



---------------  S Y S T E M  ---------------

OS:
 Windows 10 , 64 bit Build 19041 (10.0.19041.1706)
OS uptime: 0 days 0:22 hours

CPU: total 4 (initial active 4) (2 cores per cpu, 2 threads per core) family 6 model 78 stepping 3 microcode 0xcc, cx8, cmov, fxsr, ht, mmx, 3dnowpref, sse, sse2, sse3, ssse3, sse4.1, sse4.2, popcnt, lzcnt, tsc, tscinvbit, avx, avx2, aes, erms, clmul, bmi1, bmi2, adx, fma, vzeroupper, clflush, clflushopt

Memory: 4k page, system-wide physical 8107M (2062M free)
TotalPageFile size 10341M (AvailPageFile size 2100M)
current process WorkingSet (physical memory assigned to process): 2120M, peak: 2958M
current process commit charge ("private bytes"): 2449M, peak: 3306M

vm_info: Java HotSpot(TM) 64-Bit Server VM (17.0.2+8-LTS-86) for windows-amd64 JRE (17.0.2+8-LTS-86), built on Dec  7 2021 21:51:03 by "mach5one" with MS VC++ 16.8 / 16.9 (VS2019)

END.
