#
# A fatal error has been detected by the Java Runtime Environment:
#
#  EXCEPTION_ACCESS_VIOLATION (0xc0000005) at pc=0x00007ff80af248e2, pid=1160, tid=1944
#
# JRE version: Java(TM) SE Runtime Environment (17.0.2+8) (build 17.0.2+8-LTS-86)
# Java VM: Java HotSpot(TM) 64-Bit Server VM (17.0.2+8-LTS-86, mixed mode, sharing, tiered, compressed oops, compressed class ptrs, g1 gc, windows-amd64)
# Problematic frame:
# C  [MSCTF.dll+0x648e2]
#
# No core dump will be written. Minidumps are not enabled by default on client versions of Windows
#
# If you would like to submit a bug report, please visit:
#   https://bugreport.java.com/bugreport/crash.jsp
# The crash happened outside the Java Virtual Machine in native code.
# See problematic frame for where to report the bug.
#

---------------  S U M M A R Y ------------

Command Line: C:\Users\fred8\Desktop\Mindustry\Mindustry.jar

Host: Intel(R) Core(TM) i5-6200U CPU @ 2.30GHz, 4 cores, 7G,  Windows 10 , 64 bit Build 19041 (10.0.19041.1706)
Time: Mon May 30 23:31:06 2022  Windows 10 , 64 bit Build 19041 (10.0.19041.1706) elapsed time: 142.840158 seconds (0d 0h 2m 22s)

---------------  T H R E A D  ---------------

Current thread (0x00000209ee69c880):  JavaThread "main" [_thread_in_native, id=1944, stack(0x0000000eb7700000,0x0000000eb7800000)]

Stack: [0x0000000eb7700000,0x0000000eb7800000],  sp=0x0000000eb77ff230,  free space=1020k
Native frames: (J=compiled Java code, j=interpreted, Vv=VM code, C=native code)
C  [MSCTF.dll+0x648e2]

Java frames: (J=compiled Java code, j=interpreted, Vv=VM code)
j  arc.backend.sdl.jni.SDL.SDL_Quit()V+0
j  arc.backend.sdl.SdlApplication.cleanup()V+20
j  arc.backend.sdl.SdlApplication.<init>(Larc/ApplicationListener;Larc/backend/sdl/SdlConfig;)V+176
j  mindustry.desktop.DesktopLauncher.main([Ljava/lang/String;)V+23
v  ~StubRoutines::call_stub

siginfo: EXCEPTION_ACCESS_VIOLATION (0xc0000005), reading address 0x00007fffdd034f40


Register to memory mapping:

RIP=0x00007ff80af248e2 MSCTF.dll
RAX=0x00007fffdd034f30 is an unknown value
RBX=0x00000209fda68f70 points into unknown readable memory: 0x00007ff80af98620 | 20 86 f9 0a f8 7f 00 00
RCX=0x00000209ec6aed50 points into unknown readable memory: 0x00007fffdd034f30 | 30 4f 03 dd ff 7f 00 00
RDX=0x0 is NULL
RSP=0x0000000eb77ff230 is pointing into the stack for thread: 0x00000209ee69c880
RBP=0x0000000eb77ff660 is pointing into the stack for thread: 0x00000209ee69c880
RSI=0x0 is NULL
RDI=0x00000209feac6320 points into unknown readable memory: 0x00007ff80af95e80 | 80 5e f9 0a f8 7f 00 00
R8 =0x0000000000000002 is an unknown value
R9 =0x0000000000000001 is an unknown value
R10=0x0 is NULL
R11=0x0000000eb77ff1a0 is pointing into the stack for thread: 0x00000209ee69c880
R12=0x00000000000003ff is an unknown value
R13={method} {0x00000209fd4aa390} 'SDL_Quit' '()V' in 'arc/backend/sdl/jni/SDL'
R14=0x0 is NULL
R15=0x0 is NULL


Registers:
RAX=0x00007fffdd034f30, RBX=0x00000209fda68f70, RCX=0x00000209ec6aed50, RDX=0x0000000000000000
RSP=0x0000000eb77ff230, RBP=0x0000000eb77ff660, RSI=0x0000000000000000, RDI=0x00000209feac6320
R8 =0x0000000000000002, R9 =0x0000000000000001, R10=0x0000000000000000, R11=0x0000000eb77ff1a0
R12=0x00000000000003ff, R13=0x00000209fd4aa388, R14=0x0000000000000000, R15=0x0000000000000000
RIP=0x00007ff80af248e2, EFLAGS=0x0000000000210206

Top of Stack: (sp=0x0000000eb77ff230)
0x0000000eb77ff230:   00000209fdcb2730 00000209fda68f70
0x0000000eb77ff240:   00000000ffffffff 00007ff80aed522c
0x0000000eb77ff250:   00000209fda68f70 00007ff80af24b22
0x0000000eb77ff260:   0000000000000000 00000209feac6320
0x0000000eb77ff270:   00000000000003ff 00000209feac6e80
0x0000000eb77ff280:   0000000000000000 00007ff80af26f37
0x0000000eb77ff290:   00000209feac6320 0000000000000000
0x0000000eb77ff2a0:   0000000000000000 00000209feac6320
0x0000000eb77ff2b0:   00000209feac6320 00007ff80af0c2aa
0x0000000eb77ff2c0:   00000209fda68f70 0000000eb77ff660
0x0000000eb77ff2d0:   0000000000000001 00000209feac6320
0x0000000eb77ff2e0:   00000209feac6320 00007ff80aee2048
0x0000000eb77ff2f0:   00000209feb9b310 0000000eb77ff660
0x0000000eb77ff300:   0000000000000001 0000000000000001
0x0000000eb77ff310:   0000000000000101 0000000000000001
0x0000000eb77ff320:   0000000100000001 0000000169dbdebe 

Instructions: (pc=0x00007ff80af248e2)
0x00007ff80af247e2:   01 49 8b f8 48 89 51 10 48 8b d9 48 85 d2 74 10
0x00007ff80af247f2:   48 8b 02 48 8b ca 48 8b 40 08 ff 15 0e 88 07 00
0x00007ff80af24802:   48 89 7b 18 48 85 ff 74 10 48 8b 07 48 8b cf 48
0x00007ff80af24812:   8b 40 08 ff 15 f5 87 07 00 48 8b c3 48 8b 5c 24
0x00007ff80af24822:   30 48 83 c4 20 5f c3 cc cc cc cc cc cc cc c7 41
0x00007ff80af24832:   10 01 00 00 00 48 8d 05 e2 3d 07 00 48 89 01 33
0x00007ff80af24842:   d2 48 8d 05 be 3b 07 00 48 89 41 08 48 8d 05 6b
0x00007ff80af24852:   0c 07 00 48 89 51 38 48 89 51 40 48 89 41 60 48
0x00007ff80af24862:   8b c1 48 89 51 70 48 89 51 68 48 89 51 78 48 89
0x00007ff80af24872:   91 80 00 00 00 c3 cc cc cc cc cc cc cc cc e9 b3
0x00007ff80af24882:   12 fa ff cc cc cc cc cc cc cc e9 db 17 fa ff cc
0x00007ff80af24892:   cc cc cc cc cc cc 40 53 48 83 ec 20 48 8d 05 7b
0x00007ff80af248a2:   3d 07 00 48 8b d9 48 89 01 48 8d 05 56 3b 07 00
0x00007ff80af248b2:   48 89 41 08 e8 5d 2f 00 00 48 8b 4b 48 48 85 c9
0x00007ff80af248c2:   74 12 48 8b 01 48 8b 40 10 ff 15 3f 87 07 00 48
0x00007ff80af248d2:   83 63 48 00 48 8b 4b 18 48 85 c9 74 12 48 8b 01
0x00007ff80af248e2:   48 8b 40 10 ff 15 24 87 07 00 48 83 63 18 00 48
0x00007ff80af248f2:   8b 8b 90 00 00 00 48 85 c9 74 0d e8 4a 6d 01 00
0x00007ff80af24902:   48 83 a3 90 00 00 00 00 48 8b 8b 80 00 00 00 48
0x00007ff80af24912:   85 c9 74 0d 48 8b 01 48 8b 40 10 ff 15 ed 86 07
0x00007ff80af24922:   00 48 8b 4b 78 48 85 c9 74 0d 48 8b 01 48 8b 40
0x00007ff80af24932:   10 ff 15 d7 86 07 00 48 8b 4b 68 48 8d 05 7c 0b
0x00007ff80af24942:   07 00 48 89 43 60 48 85 c9 74 0c 48 ff 15 34 7f
0x00007ff80af24952:   07 00 0f 1f 44 00 00 48 8b 4b 40 48 85 c9 74 0d
0x00007ff80af24962:   48 8b 01 48 8b 40 10 ff 15 a1 86 07 00 48 8b 4b
0x00007ff80af24972:   38 48 85 c9 74 0d 48 8b 01 48 8b 40 10 ff 15 8b
0x00007ff80af24982:   86 07 00 48 83 c4 20 5b c3 cc cc cc cc cc cc cc
0x00007ff80af24992:   cc cc 40 53 48 83 ec 20 48 8d 05 5f 3b 07 00 48
0x00007ff80af249a2:   8b d9 48 89 01 48 8d 05 22 3b 07 00 48 89 41 08
0x00007ff80af249b2:   48 8d 05 cf 3a 07 00 48 89 41 10 48 8d 05 9c 3a
0x00007ff80af249c2:   07 00 48 89 41 18 48 8d 05 39 3a 07 00 48 89 41
0x00007ff80af249d2:   20 48 83 c1 58 e8 90 07 00 00 48 8d 05 95 0f 07 


Stack slot to memory mapping:
stack at sp + 0 slots: 0x00000209fdcb2730 points into unknown readable memory: 0x00000209fdcb9fa0 | a0 9f cb fd 09 02 00 00
stack at sp + 1 slots: 0x00000209fda68f70 points into unknown readable memory: 0x00007ff80af98620 | 20 86 f9 0a f8 7f 00 00
stack at sp + 2 slots: 0x00000000ffffffff points into unknown readable memory: 00
stack at sp + 3 slots: 0x00007ff80aed522c MSCTF.dll
stack at sp + 4 slots: 0x00000209fda68f70 points into unknown readable memory: 0x00007ff80af98620 | 20 86 f9 0a f8 7f 00 00
stack at sp + 5 slots: 0x00007ff80af24b22 MSCTF.dll
stack at sp + 6 slots: 0x0 is NULL
stack at sp + 7 slots: 0x00000209feac6320 points into unknown readable memory: 0x00007ff80af95e80 | 80 5e f9 0a f8 7f 00 00


---------------  P R O C E S S  ---------------

Threads class SMR info:
_java_thread_list=0x0000020997b38ef0, length=25, elements={
0x00000209ee69c880, 0x00000209fcefd530, 0x00000209fcefe1a0, 0x00000209fcf151a0,
0x00000209fcf15b50, 0x00000209fcf16500, 0x00000209fcf1e3c0, 0x00000209fcf27160,
0x00000209fcf27c00, 0x00000209fcf2ade0, 0x00000209fd953790, 0x00000209fd95c240,
0x00000209ff242490, 0x00000209b6fa05a0, 0x00000209b6f9f260, 0x00000209b6f9f730,
0x00000209b6f9fc00, 0x00000209b6fa2c20, 0x00000209b6f9b8a0, 0x00000209b6f9c710,
0x00000209b6fa00d0, 0x00000209b6f9ed90, 0x0000020996340c00, 0x0000020996340730,
0x0000020996346c40
}

Java Threads: ( => current thread )
=>0x00000209ee69c880 JavaThread "main" [_thread_in_native, id=1944, stack(0x0000000eb7700000,0x0000000eb7800000)]
  0x00000209fcefd530 JavaThread "Reference Handler" daemon [_thread_blocked, id=3180, stack(0x0000000eb7e00000,0x0000000eb7f00000)]
  0x00000209fcefe1a0 JavaThread "Finalizer" daemon [_thread_blocked, id=2136, stack(0x0000000eb7f00000,0x0000000eb8000000)]
  0x00000209fcf151a0 JavaThread "Signal Dispatcher" daemon [_thread_blocked, id=1152, stack(0x0000000eb8000000,0x0000000eb8100000)]
  0x00000209fcf15b50 JavaThread "Attach Listener" daemon [_thread_blocked, id=1124, stack(0x0000000eb8100000,0x0000000eb8200000)]
  0x00000209fcf16500 JavaThread "Service Thread" daemon [_thread_blocked, id=8608, stack(0x0000000eb8200000,0x0000000eb8300000)]
  0x00000209fcf1e3c0 JavaThread "Monitor Deflation Thread" daemon [_thread_blocked, id=1096, stack(0x0000000eb8300000,0x0000000eb8400000)]
  0x00000209fcf27160 JavaThread "C2 CompilerThread0" daemon [_thread_blocked, id=7732, stack(0x0000000eb8400000,0x0000000eb8500000)]
  0x00000209fcf27c00 JavaThread "C1 CompilerThread0" daemon [_thread_blocked, id=5652, stack(0x0000000eb8500000,0x0000000eb8600000)]
  0x00000209fcf2ade0 JavaThread "Sweeper thread" daemon [_thread_blocked, id=8760, stack(0x0000000eb8600000,0x0000000eb8700000)]
  0x00000209fd953790 JavaThread "Notification Thread" daemon [_thread_blocked, id=8964, stack(0x0000000eb8700000,0x0000000eb8800000)]
  0x00000209fd95c240 JavaThread "Common-Cleaner" daemon [_thread_blocked, id=5724, stack(0x0000000eb8900000,0x0000000eb8a00000)]
  0x00000209ff242490 JavaThread "AsyncExecutor-Thread" daemon [_thread_blocked, id=828, stack(0x0000000eb9200000,0x0000000eb9300000)]
  0x00000209b6fa05a0 JavaThread "AsyncExecutor-Thread" daemon [_thread_blocked, id=5516, stack(0x0000000eb9300000,0x0000000eb9400000)]
  0x00000209b6f9f260 JavaThread "AsyncExecutor-Thread" daemon [_thread_blocked, id=6280, stack(0x0000000eb9600000,0x0000000eb9700000)]
  0x00000209b6f9f730 JavaThread "AsyncExecutor-Thread" daemon [_thread_blocked, id=5104, stack(0x0000000eb9700000,0x0000000eb9800000)]
  0x00000209b6f9fc00 JavaThread "AsyncExecutor-Thread" daemon [_thread_blocked, id=4920, stack(0x0000000eb9800000,0x0000000eb9900000)]
  0x00000209b6fa2c20 JavaThread "AsyncExecutor-Thread" daemon [_thread_blocked, id=1344, stack(0x0000000eb9b00000,0x0000000eb9c00000)]
  0x00000209b6f9b8a0 JavaThread "AsyncExecutor-Thread" daemon [_thread_blocked, id=6160, stack(0x0000000eb9f00000,0x0000000eba000000)]
  0x00000209b6f9c710 JavaThread "AsyncExecutor-Thread" daemon [_thread_blocked, id=6164, stack(0x0000000eb9e00000,0x0000000eb9f00000)]
  0x00000209b6fa00d0 JavaThread "AsyncExecutor-Thread" daemon [_thread_blocked, id=3824, stack(0x0000000eba200000,0x0000000eba300000)]
  0x00000209b6f9ed90 JavaThread "AsyncLogic-Thread" daemon [_thread_blocked, id=868, stack(0x0000000eba300000,0x0000000eba400000)]
  0x0000020996340c00 JavaThread "AsyncLogic-Thread" daemon [_thread_blocked, id=5356, stack(0x0000000eba400000,0x0000000eba500000)]
  0x0000020996340730 JavaThread "AsyncLogic-Thread" daemon [_thread_blocked, id=7288, stack(0x0000000eba500000,0x0000000eba600000)]
  0x0000020996346c40 JavaThread "AsyncExecutor-Thread" daemon [_thread_blocked, id=5460, stack(0x0000000eb7400000,0x0000000eb7500000)]

Other Threads:
  0x00000209fcef8170 VMThread "VM Thread" [stack: 0x0000000eb7d00000,0x0000000eb7e00000] [id=7052]
  0x00000209ee736aa0 WatcherThread [stack: 0x0000000eb8800000,0x0000000eb8900000] [id=6472]
  0x00000209ee6d9a70 GCTaskThread "GC Thread#0" [stack: 0x0000000eb7800000,0x0000000eb7900000] [id=6816]
  0x00000209feedc9b0 GCTaskThread "GC Thread#1" [stack: 0x0000000eb8f00000,0x0000000eb9000000] [id=7400]
  0x00000209feedcc60 GCTaskThread "GC Thread#2" [stack: 0x0000000eb9000000,0x0000000eb9100000] [id=4588]
  0x00000209fef4b910 GCTaskThread "GC Thread#3" [stack: 0x0000000eb9100000,0x0000000eb9200000] [id=4252]
  0x00000209ee6ebee0 ConcurrentGCThread "G1 Main Marker" [stack: 0x0000000eb7900000,0x0000000eb7a00000] [id=5740]
  0x00000209ee6ec8f0 ConcurrentGCThread "G1 Conc#0" [stack: 0x0000000eb7a00000,0x0000000eb7b00000] [id=3168]
  0x00000209fcdb00a0 ConcurrentGCThread "G1 Refine#0" [stack: 0x0000000eb7b00000,0x0000000eb7c00000] [id=7216]
  0x00000209ff293250 ConcurrentGCThread "G1 Refine#1" [stack: 0x0000000eb9400000,0x0000000eb9500000] [id=4604]
  0x00000209ff291590 ConcurrentGCThread "G1 Refine#2" [stack: 0x0000000eb9500000,0x0000000eb9600000] [id=5976]
  0x00000209ff291b50 ConcurrentGCThread "G1 Refine#3" [stack: 0x0000000eb9a00000,0x0000000eb9b00000] [id=8448]
  0x00000209fcdb29d0 ConcurrentGCThread "G1 Service" [stack: 0x0000000eb7c00000,0x0000000eb7d00000] [id=8496]

Threads with active compile tasks:

VM state: not at safepoint (normal execution)

VM Mutex/Monitor currently owned by a thread: None

Heap address: 0x0000000081400000, size: 2028 MB, Compressed Oops mode: 32-bit

CDS archive(s) mapped at: [0x0000000800000000-0x0000000800bc0000-0x0000000800bc0000), size 12320768, SharedBaseAddress: 0x0000000800000000, ArchiveRelocationMode: 0.
Compressed class space mapped at: 0x0000000800c00000-0x0000000840c00000, reserved size: 1073741824
Narrow klass base: 0x0000000800000000, Narrow klass shift: 0, Narrow klass range: 0x100000000

GC Precious Log:
 CPUs: 4 total, 4 available
 Memory: 8107M
 Large Page Support: Disabled
 NUMA Support: Disabled
 Compressed Oops: Enabled (32-bit)
 Heap Region Size: 1M
 Heap Min Capacity: 8M
 Heap Initial Capacity: 128M
 Heap Max Capacity: 2028M
 Pre-touch: Disabled
 Parallel Workers: 4
 Concurrent Workers: 1
 Concurrent Refinement Workers: 4
 Periodic GC: Disabled

Heap:
 garbage-first heap   total 186368K, used 106931K [0x0000000081400000, 0x0000000100000000)
  region size 1024K, 8 young (8192K), 2 survivors (2048K)
 Metaspace       used 53663K, committed 54144K, reserved 1097728K
  class space    used 8757K, committed 8960K, reserved 1048576K

Heap Regions: E=young(eden), S=young(survivor), O=old, HS=humongous(starts), HC=humongous(continues), CS=collection set, F=free, OA=open archive, CA=closed archive, TAMS=top-at-mark-start (previous, next)
|   0|0x0000000081400000, 0x0000000081500000, 0x0000000081500000|100%| O|  |TAMS 0x0000000081500000, 0x0000000081400000| Untracked 
|   1|0x0000000081500000, 0x0000000081600000, 0x0000000081600000|100%| O|  |TAMS 0x0000000081600000, 0x0000000081500000| Untracked 
|   2|0x0000000081600000, 0x0000000081700000, 0x0000000081700000|100%|HS|  |TAMS 0x0000000081700000, 0x0000000081600000| Complete 
|   3|0x0000000081700000, 0x0000000081800000, 0x0000000081800000|100%| O|  |TAMS 0x0000000081800000, 0x0000000081700000| Untracked 
|   4|0x0000000081800000, 0x0000000081900000, 0x0000000081900000|100%| O|  |TAMS 0x0000000081900000, 0x0000000081800000| Untracked 
|   5|0x0000000081900000, 0x0000000081a00000, 0x0000000081a00000|100%| O|  |TAMS 0x0000000081a00000, 0x0000000081900000| Untracked 
|   6|0x0000000081a00000, 0x0000000081b00000, 0x0000000081b00000|100%| O|  |TAMS 0x0000000081b00000, 0x0000000081a00000| Untracked 
|   7|0x0000000081b00000, 0x0000000081c00000, 0x0000000081c00000|100%| O|  |TAMS 0x0000000081c00000, 0x0000000081b00000| Untracked 
|   8|0x0000000081c00000, 0x0000000081d00000, 0x0000000081d00000|100%| O|  |TAMS 0x0000000081d00000, 0x0000000081c00000| Untracked 
|   9|0x0000000081d00000, 0x0000000081e00000, 0x0000000081e00000|100%| O|  |TAMS 0x0000000081e00000, 0x0000000081d00000| Untracked 
|  10|0x0000000081e00000, 0x0000000081f00000, 0x0000000081f00000|100%| O|  |TAMS 0x0000000081f00000, 0x0000000081e00000| Untracked 
|  11|0x0000000081f00000, 0x0000000082000000, 0x0000000082000000|100%| O|  |TAMS 0x0000000082000000, 0x0000000081f00000| Untracked 
|  12|0x0000000082000000, 0x0000000082100000, 0x0000000082100000|100%| O|  |TAMS 0x0000000082100000, 0x0000000082000000| Untracked 
|  13|0x0000000082100000, 0x0000000082200000, 0x0000000082200000|100%| O|  |TAMS 0x0000000082200000, 0x0000000082100000| Untracked 
|  14|0x0000000082200000, 0x0000000082300000, 0x0000000082300000|100%| O|  |TAMS 0x0000000082300000, 0x0000000082200000| Untracked 
|  15|0x0000000082300000, 0x0000000082400000, 0x0000000082400000|100%| O|  |TAMS 0x0000000082400000, 0x0000000082300000| Untracked 
|  16|0x0000000082400000, 0x0000000082500000, 0x0000000082500000|100%| O|  |TAMS 0x0000000082500000, 0x0000000082400000| Untracked 
|  17|0x0000000082500000, 0x0000000082600000, 0x0000000082600000|100%| O|  |TAMS 0x0000000082600000, 0x0000000082500000| Untracked 
|  18|0x0000000082600000, 0x0000000082700000, 0x0000000082700000|100%| O|  |TAMS 0x0000000082700000, 0x0000000082600000| Untracked 
|  19|0x0000000082700000, 0x0000000082800000, 0x0000000082800000|100%| O|  |TAMS 0x0000000082800000, 0x0000000082700000| Untracked 
|  20|0x0000000082800000, 0x0000000082900000, 0x0000000082900000|100%| O|  |TAMS 0x0000000082900000, 0x0000000082800000| Untracked 
|  21|0x0000000082900000, 0x0000000082a00000, 0x0000000082a00000|100%| O|  |TAMS 0x0000000082a00000, 0x0000000082900000| Untracked 
|  22|0x0000000082a00000, 0x0000000082b00000, 0x0000000082b00000|100%| O|  |TAMS 0x0000000082b00000, 0x0000000082a00000| Untracked 
|  23|0x0000000082b00000, 0x0000000082c00000, 0x0000000082c00000|100%| O|  |TAMS 0x0000000082c00000, 0x0000000082b00000| Complete 
|  24|0x0000000082c00000, 0x0000000082d00000, 0x0000000082d00000|100%| O|  |TAMS 0x0000000082d00000, 0x0000000082c00000| Untracked 
|  25|0x0000000082d00000, 0x0000000082e00000, 0x0000000082e00000|100%| O|  |TAMS 0x0000000082e00000, 0x0000000082d00000| Untracked 
|  26|0x0000000082e00000, 0x0000000082f00000, 0x0000000082f00000|100%| O|  |TAMS 0x0000000082f00000, 0x0000000082e00000| Untracked 
|  27|0x0000000082f00000, 0x0000000083000000, 0x0000000083000000|100%| O|  |TAMS 0x0000000083000000, 0x0000000082f00000| Untracked 
|  28|0x0000000083000000, 0x0000000083100000, 0x0000000083100000|100%| O|  |TAMS 0x0000000083100000, 0x0000000083000000| Untracked 
|  29|0x0000000083100000, 0x0000000083200000, 0x0000000083200000|100%| O|  |TAMS 0x0000000083200000, 0x0000000083100000| Untracked 
|  30|0x0000000083200000, 0x0000000083300000, 0x0000000083300000|100%| O|  |TAMS 0x0000000083300000, 0x0000000083200000| Untracked 
|  31|0x0000000083300000, 0x0000000083400000, 0x0000000083400000|100%| O|  |TAMS 0x0000000083400000, 0x0000000083300000| Untracked 
|  32|0x0000000083400000, 0x0000000083500000, 0x0000000083500000|100%| O|  |TAMS 0x0000000083500000, 0x0000000083400000| Untracked 
|  33|0x0000000083500000, 0x0000000083600000, 0x0000000083600000|100%| O|  |TAMS 0x0000000083600000, 0x0000000083500000| Untracked 
|  34|0x0000000083600000, 0x0000000083700000, 0x0000000083700000|100%| O|  |TAMS 0x0000000083700000, 0x0000000083600000| Untracked 
|  35|0x0000000083700000, 0x0000000083800000, 0x0000000083800000|100%| O|  |TAMS 0x0000000083800000, 0x0000000083700000| Untracked 
|  36|0x0000000083800000, 0x0000000083900000, 0x0000000083900000|100%| O|  |TAMS 0x0000000083900000, 0x0000000083800000| Untracked 
|  37|0x0000000083900000, 0x0000000083a00000, 0x0000000083a00000|100%| O|  |TAMS 0x0000000083a00000, 0x0000000083900000| Untracked 
|  38|0x0000000083a00000, 0x0000000083b00000, 0x0000000083b00000|100%| O|  |TAMS 0x0000000083b00000, 0x0000000083a00000| Untracked 
|  39|0x0000000083b00000, 0x0000000083b76600, 0x0000000083c00000| 46%| O|  |TAMS 0x0000000083b76600, 0x0000000083b00000| Untracked 
|  40|0x0000000083c00000, 0x0000000083d00000, 0x0000000083d00000|100%| O|  |TAMS 0x0000000083c00000, 0x0000000083c00000| Untracked 
|  41|0x0000000083d00000, 0x0000000083e00000, 0x0000000083e00000|100%|HS|  |TAMS 0x0000000083e00000, 0x0000000083d00000| Complete 
|  42|0x0000000083e00000, 0x0000000083f00000, 0x0000000083f00000|100%| O|  |TAMS 0x0000000083e00000, 0x0000000083e00000| Untracked 
|  43|0x0000000083f00000, 0x0000000084000000, 0x0000000084000000|100%| O|  |TAMS 0x0000000083f00000, 0x0000000083f00000| Untracked 
|  44|0x0000000084000000, 0x0000000084100000, 0x0000000084100000|100%| O|  |TAMS 0x0000000084000000, 0x0000000084000000| Untracked 
|  45|0x0000000084100000, 0x0000000084200000, 0x0000000084200000|100%| O|  |TAMS 0x0000000084100000, 0x0000000084100000| Untracked 
|  46|0x0000000084200000, 0x0000000084300000, 0x0000000084300000|100%| O|  |TAMS 0x0000000084200000, 0x0000000084200000| Untracked 
|  47|0x0000000084300000, 0x0000000084400000, 0x0000000084400000|100%| O|  |TAMS 0x0000000084300000, 0x0000000084300000| Untracked 
|  48|0x0000000084400000, 0x0000000084500000, 0x0000000084500000|100%| O|  |TAMS 0x0000000084400000, 0x0000000084400000| Untracked 
|  49|0x0000000084500000, 0x0000000084580000, 0x0000000084600000| 50%| O|  |TAMS 0x0000000084500000, 0x0000000084500000| Untracked 
|  50|0x0000000084600000, 0x0000000084600000, 0x0000000084700000|  0%| F|  |TAMS 0x0000000084600000, 0x0000000084600000| Untracked 
|  51|0x0000000084700000, 0x0000000084700000, 0x0000000084800000|  0%| F|  |TAMS 0x0000000084700000, 0x0000000084700000| Untracked 
|  52|0x0000000084800000, 0x0000000084800000, 0x0000000084900000|  0%| F|  |TAMS 0x0000000084800000, 0x0000000084800000| Untracked 
|  53|0x0000000084900000, 0x0000000084900000, 0x0000000084a00000|  0%| F|  |TAMS 0x0000000084900000, 0x0000000084900000| Untracked 
|  54|0x0000000084a00000, 0x0000000084a00000, 0x0000000084b00000|  0%| F|  |TAMS 0x0000000084a00000, 0x0000000084a00000| Untracked 
|  55|0x0000000084b00000, 0x0000000084b00000, 0x0000000084c00000|  0%| F|  |TAMS 0x0000000084b00000, 0x0000000084b00000| Untracked 
|  56|0x0000000084c00000, 0x0000000084c00000, 0x0000000084d00000|  0%| F|  |TAMS 0x0000000084c00000, 0x0000000084c00000| Untracked 
|  57|0x0000000084d00000, 0x0000000084d00000, 0x0000000084e00000|  0%| F|  |TAMS 0x0000000084d00000, 0x0000000084d00000| Untracked 
|  58|0x0000000084e00000, 0x0000000084e00000, 0x0000000084f00000|  0%| F|  |TAMS 0x0000000084e00000, 0x0000000084e00000| Untracked 
|  59|0x0000000084f00000, 0x0000000084f00000, 0x0000000085000000|  0%| F|  |TAMS 0x0000000084f00000, 0x0000000084f00000| Untracked 
|  60|0x0000000085000000, 0x0000000085100000, 0x0000000085100000|100%| O|  |TAMS 0x0000000085000000, 0x0000000085000000| Untracked 
|  61|0x0000000085100000, 0x0000000085200000, 0x0000000085200000|100%| O|  |TAMS 0x0000000085200000, 0x0000000085100000| Untracked 
|  62|0x0000000085200000, 0x0000000085300000, 0x0000000085300000|100%| O|  |TAMS 0x0000000085200000, 0x0000000085200000| Untracked 
|  63|0x0000000085300000, 0x0000000085400000, 0x0000000085400000|100%| O|  |TAMS 0x0000000085300000, 0x0000000085300000| Untracked 
|  64|0x0000000085400000, 0x0000000085500000, 0x0000000085500000|100%| O|  |TAMS 0x0000000085400000, 0x0000000085400000| Untracked 
|  65|0x0000000085500000, 0x0000000085600000, 0x0000000085600000|100%| O|  |TAMS 0x0000000085500000, 0x0000000085500000| Untracked 
|  66|0x0000000085600000, 0x0000000085700000, 0x0000000085700000|100%| O|  |TAMS 0x0000000085600000, 0x0000000085600000| Untracked 
|  67|0x0000000085700000, 0x0000000085800000, 0x0000000085800000|100%| O|  |TAMS 0x0000000085700000, 0x0000000085700000| Untracked 
|  68|0x0000000085800000, 0x0000000085900000, 0x0000000085900000|100%| O|  |TAMS 0x0000000085800000, 0x0000000085800000| Untracked 
|  69|0x0000000085900000, 0x0000000085a00000, 0x0000000085a00000|100%| O|  |TAMS 0x0000000085900000, 0x0000000085900000| Untracked 
|  70|0x0000000085a00000, 0x0000000085b00000, 0x0000000085b00000|100%| O|  |TAMS 0x0000000085a00000, 0x0000000085a00000| Untracked 
|  71|0x0000000085b00000, 0x0000000085c00000, 0x0000000085c00000|100%| O|  |TAMS 0x0000000085b00000, 0x0000000085b00000| Untracked 
|  72|0x0000000085c00000, 0x0000000085d00000, 0x0000000085d00000|100%| O|  |TAMS 0x0000000085c00000, 0x0000000085c00000| Untracked 
|  73|0x0000000085d00000, 0x0000000085e00000, 0x0000000085e00000|100%| O|  |TAMS 0x0000000085d00000, 0x0000000085d00000| Untracked 
|  74|0x0000000085e00000, 0x0000000085f00000, 0x0000000085f00000|100%| O|  |TAMS 0x0000000085e00000, 0x0000000085e00000| Untracked 
|  75|0x0000000085f00000, 0x0000000086000000, 0x0000000086000000|100%| O|  |TAMS 0x0000000085f00000, 0x0000000085f00000| Untracked 
|  76|0x0000000086000000, 0x0000000086100000, 0x0000000086100000|100%| O|  |TAMS 0x0000000086000000, 0x0000000086000000| Untracked 
|  77|0x0000000086100000, 0x0000000086200000, 0x0000000086200000|100%| O|  |TAMS 0x0000000086100000, 0x0000000086100000| Untracked 
|  78|0x0000000086200000, 0x0000000086300000, 0x0000000086300000|100%| O|  |TAMS 0x0000000086200000, 0x0000000086200000| Untracked 
|  79|0x0000000086300000, 0x0000000086400000, 0x0000000086400000|100%| O|  |TAMS 0x0000000086300000, 0x0000000086300000| Untracked 
|  80|0x0000000086400000, 0x0000000086500000, 0x0000000086500000|100%| O|  |TAMS 0x0000000086400000, 0x0000000086400000| Untracked 
|  81|0x0000000086500000, 0x0000000086600000, 0x0000000086600000|100%| O|  |TAMS 0x0000000086500000, 0x0000000086500000| Untracked 
|  82|0x0000000086600000, 0x0000000086700000, 0x0000000086700000|100%| O|  |TAMS 0x0000000086600000, 0x0000000086600000| Untracked 
|  83|0x0000000086700000, 0x0000000086800000, 0x0000000086800000|100%| O|  |TAMS 0x0000000086700000, 0x0000000086700000| Untracked 
|  84|0x0000000086800000, 0x0000000086900000, 0x0000000086900000|100%| O|  |TAMS 0x0000000086800000, 0x0000000086800000| Untracked 
|  85|0x0000000086900000, 0x0000000086900000, 0x0000000086a00000|  0%| F|  |TAMS 0x0000000086900000, 0x0000000086900000| Untracked 
|  86|0x0000000086a00000, 0x0000000086a00000, 0x0000000086b00000|  0%| F|  |TAMS 0x0000000086a00000, 0x0000000086a00000| Untracked 
|  87|0x0000000086b00000, 0x0000000086b00000, 0x0000000086c00000|  0%| F|  |TAMS 0x0000000086b00000, 0x0000000086b00000| Untracked 
|  88|0x0000000086c00000, 0x0000000086c00000, 0x0000000086d00000|  0%| F|  |TAMS 0x0000000086c00000, 0x0000000086c00000| Untracked 
|  89|0x0000000086d00000, 0x0000000086d00000, 0x0000000086e00000|  0%| F|  |TAMS 0x0000000086d00000, 0x0000000086d00000| Untracked 
|  90|0x0000000086e00000, 0x0000000086e00000, 0x0000000086f00000|  0%| F|  |TAMS 0x0000000086e00000, 0x0000000086e00000| Untracked 
|  91|0x0000000086f00000, 0x0000000086f00000, 0x0000000087000000|  0%| F|  |TAMS 0x0000000086f00000, 0x0000000086f00000| Untracked 
|  92|0x0000000087000000, 0x0000000087000000, 0x0000000087100000|  0%| F|  |TAMS 0x0000000087000000, 0x0000000087000000| Untracked 
|  93|0x0000000087100000, 0x0000000087100000, 0x0000000087200000|  0%| F|  |TAMS 0x0000000087100000, 0x0000000087100000| Untracked 
|  94|0x0000000087200000, 0x0000000087200000, 0x0000000087300000|  0%| F|  |TAMS 0x0000000087200000, 0x0000000087200000| Untracked 
|  95|0x0000000087300000, 0x0000000087300000, 0x0000000087400000|  0%| F|  |TAMS 0x0000000087300000, 0x0000000087300000| Untracked 
|  96|0x0000000087400000, 0x0000000087400000, 0x0000000087500000|  0%| F|  |TAMS 0x0000000087400000, 0x0000000087400000| Untracked 
|  97|0x0000000087500000, 0x0000000087500000, 0x0000000087600000|  0%| F|  |TAMS 0x0000000087500000, 0x0000000087500000| Untracked 
|  98|0x0000000087600000, 0x0000000087600000, 0x0000000087700000|  0%| F|  |TAMS 0x0000000087600000, 0x0000000087600000| Untracked 
|  99|0x0000000087700000, 0x0000000087700000, 0x0000000087800000|  0%| F|  |TAMS 0x0000000087700000, 0x0000000087700000| Untracked 
| 100|0x0000000087800000, 0x0000000087800000, 0x0000000087900000|  0%| F|  |TAMS 0x0000000087800000, 0x0000000087800000| Untracked 
| 101|0x0000000087900000, 0x0000000087900000, 0x0000000087a00000|  0%| F|  |TAMS 0x0000000087900000, 0x0000000087900000| Untracked 
| 102|0x0000000087a00000, 0x0000000087a00000, 0x0000000087b00000|  0%| F|  |TAMS 0x0000000087a00000, 0x0000000087a00000| Untracked 
| 103|0x0000000087b00000, 0x0000000087b00000, 0x0000000087c00000|  0%| F|  |TAMS 0x0000000087b00000, 0x0000000087b00000| Untracked 
| 104|0x0000000087c00000, 0x0000000087c00000, 0x0000000087d00000|  0%| F|  |TAMS 0x0000000087c00000, 0x0000000087c00000| Untracked 
| 105|0x0000000087d00000, 0x0000000087d00000, 0x0000000087e00000|  0%| F|  |TAMS 0x0000000087d00000, 0x0000000087d00000| Untracked 
| 106|0x0000000087e00000, 0x0000000087e00000, 0x0000000087f00000|  0%| F|  |TAMS 0x0000000087e00000, 0x0000000087e00000| Untracked 
| 107|0x0000000087f00000, 0x0000000087f00000, 0x0000000088000000|  0%| F|  |TAMS 0x0000000087f00000, 0x0000000087f00000| Untracked 
| 108|0x0000000088000000, 0x0000000088000000, 0x0000000088100000|  0%| F|  |TAMS 0x0000000088000000, 0x0000000088000000| Untracked 
| 109|0x0000000088100000, 0x0000000088100000, 0x0000000088200000|  0%| F|  |TAMS 0x0000000088100000, 0x0000000088100000| Untracked 
| 110|0x0000000088200000, 0x0000000088200000, 0x0000000088300000|  0%| F|  |TAMS 0x0000000088200000, 0x0000000088200000| Untracked 
| 111|0x0000000088300000, 0x0000000088300000, 0x0000000088400000|  0%| F|  |TAMS 0x0000000088300000, 0x0000000088300000| Untracked 
| 112|0x0000000088400000, 0x0000000088400000, 0x0000000088500000|  0%| F|  |TAMS 0x0000000088400000, 0x0000000088400000| Untracked 
| 113|0x0000000088500000, 0x0000000088500000, 0x0000000088600000|  0%| F|  |TAMS 0x0000000088500000, 0x0000000088500000| Untracked 
| 114|0x0000000088600000, 0x0000000088600000, 0x0000000088700000|  0%| F|  |TAMS 0x0000000088600000, 0x0000000088600000| Untracked 
| 115|0x0000000088700000, 0x0000000088700000, 0x0000000088800000|  0%| F|  |TAMS 0x0000000088700000, 0x0000000088700000| Untracked 
| 116|0x0000000088800000, 0x0000000088800000, 0x0000000088900000|  0%| F|  |TAMS 0x0000000088800000, 0x0000000088800000| Untracked 
| 117|0x0000000088900000, 0x0000000088900000, 0x0000000088a00000|  0%| F|  |TAMS 0x0000000088900000, 0x0000000088900000| Untracked 
| 118|0x0000000088a00000, 0x0000000088a00000, 0x0000000088b00000|  0%| F|  |TAMS 0x0000000088a00000, 0x0000000088a00000| Untracked 
| 119|0x0000000088b00000, 0x0000000088b00000, 0x0000000088c00000|  0%| F|  |TAMS 0x0000000088b00000, 0x0000000088b00000| Untracked 
| 120|0x0000000088c00000, 0x0000000088c00000, 0x0000000088d00000|  0%| F|  |TAMS 0x0000000088c00000, 0x0000000088c00000| Untracked 
| 121|0x0000000088d00000, 0x0000000088d00000, 0x0000000088e00000|  0%| F|  |TAMS 0x0000000088d00000, 0x0000000088d00000| Untracked 
| 122|0x0000000088e00000, 0x0000000088e00000, 0x0000000088f00000|  0%| F|  |TAMS 0x0000000088e00000, 0x0000000088e00000| Untracked 
| 123|0x0000000088f00000, 0x0000000088f00000, 0x0000000089000000|  0%| F|  |TAMS 0x0000000088f00000, 0x0000000088f00000| Untracked 
| 124|0x0000000089000000, 0x0000000089000000, 0x0000000089100000|  0%| F|  |TAMS 0x0000000089000000, 0x0000000089000000| Untracked 
| 125|0x0000000089100000, 0x0000000089100000, 0x0000000089200000|  0%| F|  |TAMS 0x0000000089100000, 0x0000000089100000| Untracked 
| 126|0x0000000089200000, 0x0000000089200000, 0x0000000089300000|  0%| F|  |TAMS 0x0000000089200000, 0x0000000089200000| Untracked 
| 127|0x0000000089300000, 0x00000000893769a0, 0x0000000089400000| 46%| S|CS|TAMS 0x0000000089300000, 0x0000000089300000| Complete 
| 128|0x0000000089400000, 0x0000000089500000, 0x0000000089500000|100%| S|CS|TAMS 0x0000000089400000, 0x0000000089400000| Complete 
| 129|0x0000000089500000, 0x0000000089500000, 0x0000000089600000|  0%| F|  |TAMS 0x0000000089500000, 0x0000000089500000| Untracked 
| 130|0x0000000089600000, 0x0000000089600000, 0x0000000089700000|  0%| F|  |TAMS 0x0000000089600000, 0x0000000089600000| Untracked 
| 131|0x0000000089700000, 0x0000000089700000, 0x0000000089800000|  0%| F|  |TAMS 0x0000000089700000, 0x0000000089700000| Untracked 
| 132|0x0000000089800000, 0x0000000089800000, 0x0000000089900000|  0%| F|  |TAMS 0x0000000089800000, 0x0000000089800000| Untracked 
| 133|0x0000000089900000, 0x0000000089900000, 0x0000000089a00000|  0%| F|  |TAMS 0x0000000089900000, 0x0000000089900000| Untracked 
| 134|0x0000000089a00000, 0x0000000089a00000, 0x0000000089b00000|  0%| F|  |TAMS 0x0000000089a00000, 0x0000000089a00000| Untracked 
| 135|0x0000000089b00000, 0x0000000089b00000, 0x0000000089c00000|  0%| F|  |TAMS 0x0000000089b00000, 0x0000000089b00000| Untracked 
| 136|0x0000000089c00000, 0x0000000089c00000, 0x0000000089d00000|  0%| F|  |TAMS 0x0000000089c00000, 0x0000000089c00000| Untracked 
| 137|0x0000000089d00000, 0x0000000089d00000, 0x0000000089e00000|  0%| F|  |TAMS 0x0000000089d00000, 0x0000000089d00000| Untracked 
| 138|0x0000000089e00000, 0x0000000089e00000, 0x0000000089f00000|  0%| F|  |TAMS 0x0000000089e00000, 0x0000000089e00000| Untracked 
| 139|0x0000000089f00000, 0x0000000089f00000, 0x000000008a000000|  0%| F|  |TAMS 0x0000000089f00000, 0x0000000089f00000| Untracked 
| 140|0x000000008a000000, 0x000000008a000000, 0x000000008a100000|  0%| F|  |TAMS 0x000000008a000000, 0x000000008a000000| Untracked 
| 141|0x000000008a100000, 0x000000008a100000, 0x000000008a200000|  0%| F|  |TAMS 0x000000008a100000, 0x000000008a100000| Untracked 
| 142|0x000000008a200000, 0x000000008a200000, 0x000000008a300000|  0%| F|  |TAMS 0x000000008a200000, 0x000000008a200000| Untracked 
| 143|0x000000008a300000, 0x000000008a300000, 0x000000008a400000|  0%| F|  |TAMS 0x000000008a300000, 0x000000008a300000| Untracked 
| 144|0x000000008a400000, 0x000000008a400000, 0x000000008a500000|  0%| F|  |TAMS 0x000000008a400000, 0x000000008a400000| Untracked 
| 145|0x000000008a500000, 0x000000008a500000, 0x000000008a600000|  0%| F|  |TAMS 0x000000008a500000, 0x000000008a500000| Untracked 
| 146|0x000000008a600000, 0x000000008a600000, 0x000000008a700000|  0%| F|  |TAMS 0x000000008a600000, 0x000000008a600000| Untracked 
| 147|0x000000008a700000, 0x000000008a700000, 0x000000008a800000|  0%| F|  |TAMS 0x000000008a700000, 0x000000008a700000| Untracked 
| 148|0x000000008a800000, 0x000000008a800000, 0x000000008a900000|  0%| F|  |TAMS 0x000000008a800000, 0x000000008a800000| Untracked 
| 149|0x000000008a900000, 0x000000008a900000, 0x000000008aa00000|  0%| F|  |TAMS 0x000000008a900000, 0x000000008a900000| Untracked 
| 150|0x000000008aa00000, 0x000000008aa00000, 0x000000008ab00000|  0%| F|  |TAMS 0x000000008aa00000, 0x000000008aa00000| Untracked 
| 151|0x000000008ab00000, 0x000000008ab00000, 0x000000008ac00000|  0%| F|  |TAMS 0x000000008ab00000, 0x000000008ab00000| Untracked 
| 152|0x000000008ac00000, 0x000000008acfae28, 0x000000008ad00000| 98%| E|  |TAMS 0x000000008ac00000, 0x000000008ac00000| Complete 
| 153|0x000000008ad00000, 0x000000008ae00000, 0x000000008ae00000|100%| E|CS|TAMS 0x000000008ad00000, 0x000000008ad00000| Complete 
| 278|0x0000000092a00000, 0x0000000092b00000, 0x0000000092b00000|100%| E|CS|TAMS 0x0000000092a00000, 0x0000000092a00000| Complete 
| 279|0x0000000092b00000, 0x0000000092c00000, 0x0000000092c00000|100%| E|CS|TAMS 0x0000000092b00000, 0x0000000092b00000| Complete 
| 280|0x0000000092c00000, 0x0000000092d00000, 0x0000000092d00000|100%| E|CS|TAMS 0x0000000092c00000, 0x0000000092c00000| Complete 
| 328|0x0000000095c00000, 0x0000000095d00000, 0x0000000095d00000|100%| E|CS|TAMS 0x0000000095c00000, 0x0000000095c00000| Complete 
|2004|0x00000000fe800000, 0x00000000fe900000, 0x00000000fe900000|100%| O|  |TAMS 0x00000000fe900000, 0x00000000fe800000| Untracked 
|2005|0x00000000fe900000, 0x00000000fea00000, 0x00000000fea00000|100%| O|  |TAMS 0x00000000fea00000, 0x00000000fe900000| Untracked 
|2006|0x00000000fea00000, 0x00000000feb00000, 0x00000000feb00000|100%| O|  |TAMS 0x00000000feb00000, 0x00000000fea00000| Untracked 
|2007|0x00000000feb00000, 0x00000000fec00000, 0x00000000fec00000|100%| O|  |TAMS 0x00000000fec00000, 0x00000000feb00000| Untracked 
|2008|0x00000000fec00000, 0x00000000fed00000, 0x00000000fed00000|100%| O|  |TAMS 0x00000000fed00000, 0x00000000fec00000| Untracked 
|2009|0x00000000fed00000, 0x00000000fee00000, 0x00000000fee00000|100%| O|  |TAMS 0x00000000fee00000, 0x00000000fed00000| Untracked 
|2010|0x00000000fee00000, 0x00000000fef00000, 0x00000000fef00000|100%| O|  |TAMS 0x00000000fef00000, 0x00000000fee00000| Untracked 
|2011|0x00000000fef00000, 0x00000000ff000000, 0x00000000ff000000|100%| O|  |TAMS 0x00000000ff000000, 0x00000000fef00000| Untracked 
|2012|0x00000000ff000000, 0x00000000ff100000, 0x00000000ff100000|100%| O|  |TAMS 0x00000000ff100000, 0x00000000ff000000| Untracked 
|2013|0x00000000ff100000, 0x00000000ff200000, 0x00000000ff200000|100%| O|  |TAMS 0x00000000ff200000, 0x00000000ff100000| Untracked 
|2014|0x00000000ff200000, 0x00000000ff300000, 0x00000000ff300000|100%| O|  |TAMS 0x00000000ff300000, 0x00000000ff200000| Untracked 
|2015|0x00000000ff300000, 0x00000000ff400000, 0x00000000ff400000|100%| O|  |TAMS 0x00000000ff400000, 0x00000000ff300000| Untracked 
|2016|0x00000000ff400000, 0x00000000ff500000, 0x00000000ff500000|100%| O|  |TAMS 0x00000000ff500000, 0x00000000ff400000| Untracked 
|2017|0x00000000ff500000, 0x00000000ff600000, 0x00000000ff600000|100%| O|  |TAMS 0x00000000ff600000, 0x00000000ff500000| Untracked 
|2018|0x00000000ff600000, 0x00000000ff700000, 0x00000000ff700000|100%| O|  |TAMS 0x00000000ff700000, 0x00000000ff600000| Untracked 
|2019|0x00000000ff700000, 0x00000000ff800000, 0x00000000ff800000|100%| O|  |TAMS 0x00000000ff800000, 0x00000000ff700000| Untracked 
|2020|0x00000000ff800000, 0x00000000ff900000, 0x00000000ff900000|100%| O|  |TAMS 0x00000000ff900000, 0x00000000ff800000| Untracked 
|2021|0x00000000ff900000, 0x00000000ffa00000, 0x00000000ffa00000|100%| O|  |TAMS 0x00000000ffa00000, 0x00000000ff900000| Untracked 
|2022|0x00000000ffa00000, 0x00000000ffb00000, 0x00000000ffb00000|100%| O|  |TAMS 0x00000000ffb00000, 0x00000000ffa00000| Untracked 
|2023|0x00000000ffb00000, 0x00000000ffc00000, 0x00000000ffc00000|100%| O|  |TAMS 0x00000000ffc00000, 0x00000000ffb00000| Untracked 
|2024|0x00000000ffc00000, 0x00000000ffd00000, 0x00000000ffd00000|100%| O|  |TAMS 0x00000000ffd00000, 0x00000000ffc00000| Untracked 
|2025|0x00000000ffd00000, 0x00000000ffe00000, 0x00000000ffe00000|100%| O|  |TAMS 0x00000000ffe00000, 0x00000000ffd00000| Untracked 
|2026|0x00000000ffe00000, 0x00000000fff00000, 0x00000000fff00000|100%| O|  |TAMS 0x00000000fff00000, 0x00000000ffe00000| Untracked 
|2027|0x00000000fff00000, 0x0000000100000000, 0x0000000100000000|100%| O|  |TAMS 0x0000000100000000, 0x00000000fff00000| Untracked 

Card table byte_map: [0x00000209f6300000,0x00000209f6700000] _byte_map_base: 0x00000209f5ef6000

Marking Bits (Prev, Next): (CMBitMap*) 0x00000209ee6db0d0, (CMBitMap*) 0x00000209ee6db090
 Prev Bits: [0x00000209f8ab0000, 0x00000209faa60000)
 Next Bits: [0x00000209f6b00000, 0x00000209f8ab0000)

Polling page: 0x00000209ede80000

Metaspace:

Usage:
  Non-class:     43.85 MB used.
      Class:      8.55 MB used.
       Both:     52.41 MB used.

Virtual space:
  Non-class space:       48.00 MB reserved,      44.12 MB ( 92%) committed,  6 nodes.
      Class space:        1.00 GB reserved,       8.75 MB ( <1%) committed,  1 nodes.
             Both:        1.05 GB reserved,      52.88 MB (  5%) committed. 

Chunk freelists:
   Non-Class:  3.28 MB
       Class:  3.14 MB
        Both:  6.42 MB

MaxMetaspaceSize: unlimited
CompressedClassSpaceSize: 1.00 GB
Initial GC threshold: 21.00 MB
Current GC threshold: 88.06 MB
CDS: on
MetaspaceReclaimPolicy: balanced
 - commit_granule_bytes: 65536.
 - commit_granule_words: 8192.
 - virtual_space_node_default_size: 1048576.
 - enlarge_chunks_in_place: 1.
 - new_chunks_are_fully_committed: 0.
 - uncommit_free_chunks: 1.
 - use_allocation_guard: 0.
 - handle_deallocations: 1.


Internal statistics:

num_allocs_failed_limit: 6.
num_arena_births: 456.
num_arena_deaths: 20.
num_vsnodes_births: 7.
num_vsnodes_deaths: 0.
num_space_committed: 846.
num_space_uncommitted: 0.
num_chunks_returned_to_freelist: 28.
num_chunks_taken_from_freelist: 2219.
num_chunk_merges: 15.
num_chunk_splits: 1558.
num_chunks_enlarged: 1188.
num_purges: 6.
num_inconsistent_stats: 0.

CodeHeap 'non-profiled nmethods': size=120000Kb used=5338Kb max_used=5338Kb free=114661Kb
 bounds [0x0000020987ad0000, 0x0000020988010000, 0x000002098f000000]
CodeHeap 'profiled nmethods': size=120000Kb used=13947Kb max_used=13947Kb free=106052Kb
 bounds [0x00000209805a0000, 0x0000020981350000, 0x0000020987ad0000]
CodeHeap 'non-nmethods': size=5760Kb used=1505Kb max_used=1600Kb free=4254Kb
 bounds [0x0000020980000000, 0x0000020980270000, 0x00000209805a0000]
 total_blobs=7491 nmethods=6598 adapters=805
 compilation: enabled
              stopped_count=0, restarted_count=0
 full_count=0

Compilation events (20 events):
Event: 141.928 Thread 0x00000209fcf27c00 nmethod 8007 0x000002098133d910 code [0x000002098133daa0, 0x000002098133dbe8]
Event: 141.929 Thread 0x00000209fcf27160 nmethod 8005 0x0000020987ffc490 code [0x0000020987ffc620, 0x0000020987ffc8e8]
Event: 141.929 Thread 0x00000209fcf27160 8008       4       java.io.DataOutputStream::writeUTF (411 bytes)
Event: 141.941 Thread 0x00000209fcf27c00 8011   !   3       java.util.zip.Inflater::end (37 bytes)
Event: 141.942 Thread 0x00000209fcf27c00 nmethod 8011 0x000002098133dc90 code [0x000002098133de80, 0x000002098133e488]
Event: 141.986 Thread 0x00000209fcf27160 nmethod 8008 0x0000020987ffc990 code [0x0000020987ffcb40, 0x0000020987ffdfb8]
Event: 141.986 Thread 0x00000209fcf27160 8009 %     4       mindustry.io.SaveVersion::writeMap @ 94 (464 bytes)
Event: 142.005 Thread 0x00000209fcf27c00 8013       3       mindustry.async.AsyncCore::begin (146 bytes)
Event: 142.010 Thread 0x00000209fcf27c00 nmethod 8013 0x000002098133e710 code [0x000002098133eac0, 0x0000020981340628]
Event: 142.130 Thread 0x00000209fcf27160 nmethod 8009% 0x0000020987ffe690 code [0x0000020987ffe9e0, 0x00000209880033d0]
Event: 142.256 Thread 0x00000209fcf27c00 8014       3       arc.graphics.g2d.Lines::line (16 bytes)
Event: 142.257 Thread 0x00000209fcf27c00 nmethod 8014 0x0000020981340e10 code [0x0000020981340fe0, 0x00000209813413b8]
Event: 142.257 Thread 0x00000209fcf27c00 8015       3       arc.graphics.g2d.Lines::line (264 bytes)
Event: 142.257 Thread 0x00000209fcf27c00 nmethod 8015 0x0000020981341510 code [0x0000020981341760, 0x0000020981341e78]
Event: 142.258 Thread 0x00000209fcf27c00 8016       3       arc.graphics.g2d.Lines::line (9 bytes)
Event: 142.258 Thread 0x00000209fcf27c00 nmethod 8016 0x0000020981342010 code [0x00000209813421a0, 0x00000209813422c8]
Event: 142.640 Thread 0x00000209fcf27160 8017  s    4       arc.util.pooling.Pools::obtain (9 bytes)
Event: 142.656 Thread 0x00000209fcf27160 nmethod 8017 0x0000020988005690 code [0x0000020988005880, 0x0000020988006218]
Event: 142.687 Thread 0x00000209fcf27160 8018       4       arc.Events::fire (9 bytes)
Event: 142.689 Thread 0x00000209fcf27160 nmethod 8018 0x0000020988006810 code [0x00000209880069a0, 0x0000020988006a48]

GC Heap History (20 events):
Event: 13.668 GC heap before
{Heap before GC invocations=20 (full 0):
 garbage-first heap   total 145408K, used 140352K [0x0000000081400000, 0x0000000100000000)
  region size 1024K, 5 young (5120K), 1 survivors (1024K)
 Metaspace       used 39773K, committed 40128K, reserved 1089536K
  class space    used 7007K, committed 7168K, reserved 1048576K
}
Event: 13.669 GC heap after
{Heap after GC invocations=21 (full 0):
 garbage-first heap   total 145408K, used 71524K [0x0000000081400000, 0x0000000100000000)
  region size 1024K, 1 young (1024K), 1 survivors (1024K)
 Metaspace       used 39773K, committed 40128K, reserved 1089536K
  class space    used 7007K, committed 7168K, reserved 1048576K
}
Event: 13.826 GC heap before
{Heap before GC invocations=21 (full 0):
 garbage-first heap   total 145408K, used 139108K [0x0000000081400000, 0x0000000100000000)
  region size 1024K, 6 young (6144K), 1 survivors (1024K)
 Metaspace       used 39773K, committed 40128K, reserved 1089536K
  class space    used 7007K, committed 7168K, reserved 1048576K
}
Event: 13.830 GC heap after
{Heap after GC invocations=22 (full 0):
 garbage-first heap   total 336896K, used 66047K [0x0000000081400000, 0x0000000100000000)
  region size 1024K, 1 young (1024K), 1 survivors (1024K)
 Metaspace       used 39773K, committed 40128K, reserved 1089536K
  class space    used 7007K, committed 7168K, reserved 1048576K
}
Event: 14.309 GC heap before
{Heap before GC invocations=22 (full 0):
 garbage-first heap   total 336896K, used 223743K [0x0000000081400000, 0x0000000100000000)
  region size 1024K, 18 young (18432K), 1 survivors (1024K)
 Metaspace       used 39776K, committed 40128K, reserved 1089536K
  class space    used 7007K, committed 7168K, reserved 1048576K
}
Event: 14.310 GC heap after
{Heap after GC invocations=23 (full 0):
 garbage-first heap   total 336896K, used 45778K [0x0000000081400000, 0x0000000100000000)
  region size 1024K, 1 young (1024K), 1 survivors (1024K)
 Metaspace       used 39776K, committed 40128K, reserved 1089536K
  class space    used 7007K, committed 7168K, reserved 1048576K
}
Event: 14.984 GC heap before
{Heap before GC invocations=24 (full 0):
 garbage-first heap   total 290816K, used 279250K [0x0000000081400000, 0x0000000100000000)
  region size 1024K, 73 young (74752K), 1 survivors (1024K)
 Metaspace       used 39776K, committed 40128K, reserved 1089536K
  class space    used 7007K, committed 7168K, reserved 1048576K
}
Event: 14.986 GC heap after
{Heap after GC invocations=25 (full 0):
 garbage-first heap   total 290816K, used 33161K [0x0000000081400000, 0x0000000100000000)
  region size 1024K, 2 young (2048K), 2 survivors (2048K)
 Metaspace       used 39776K, committed 40128K, reserved 1089536K
  class space    used 7007K, committed 7168K, reserved 1048576K
}
Event: 15.152 GC heap before
{Heap before GC invocations=25 (full 0):
 garbage-first heap   total 290816K, used 81289K [0x0000000081400000, 0x0000000100000000)
  region size 1024K, 15 young (15360K), 2 survivors (2048K)
 Metaspace       used 39776K, committed 40128K, reserved 1089536K
  class space    used 7007K, committed 7168K, reserved 1048576K
}
Event: 15.154 GC heap after
{Heap after GC invocations=26 (full 0):
 garbage-first heap   total 290816K, used 27827K [0x0000000081400000, 0x0000000100000000)
  region size 1024K, 2 young (2048K), 2 survivors (2048K)
 Metaspace       used 39776K, committed 40128K, reserved 1089536K
  class space    used 7007K, committed 7168K, reserved 1048576K
}
Event: 23.775 GC heap before
{Heap before GC invocations=26 (full 0):
 garbage-first heap   total 290816K, used 279731K [0x0000000081400000, 0x0000000100000000)
  region size 1024K, 145 young (148480K), 2 survivors (2048K)
 Metaspace       used 41605K, committed 41984K, reserved 1089536K
  class space    used 7214K, committed 7360K, reserved 1048576K
}
Event: 23.804 GC heap after
{Heap after GC invocations=27 (full 0):
 garbage-first heap   total 300032K, used 42383K [0x0000000081400000, 0x0000000100000000)
  region size 1024K, 17 young (17408K), 17 survivors (17408K)
 Metaspace       used 41605K, committed 41984K, reserved 1089536K
  class space    used 7214K, committed 7360K, reserved 1048576K
}
Event: 23.943 GC heap before
{Heap before GC invocations=27 (full 0):
 garbage-first heap   total 300032K, used 43407K [0x0000000081400000, 0x0000000100000000)
  region size 1024K, 20 young (20480K), 17 survivors (17408K)
 Metaspace       used 41607K, committed 41984K, reserved 1089536K
  class space    used 7214K, committed 7360K, reserved 1048576K
}
Event: 23.970 GC heap after
{Heap after GC invocations=28 (full 0):
 garbage-first heap   total 300032K, used 43993K [0x0000000081400000, 0x0000000100000000)
  region size 1024K, 3 young (3072K), 3 survivors (3072K)
 Metaspace       used 41607K, committed 41984K, reserved 1089536K
  class space    used 7214K, committed 7360K, reserved 1048576K
}
Event: 40.890 GC heap before
{Heap before GC invocations=29 (full 0):
 garbage-first heap   total 157696K, used 136153K [0x0000000081400000, 0x0000000100000000)
  region size 1024K, 93 young (95232K), 3 survivors (3072K)
 Metaspace       used 52177K, committed 52672K, reserved 1097728K
  class space    used 8649K, committed 8896K, reserved 1048576K
}
Event: 40.940 GC heap after
{Heap after GC invocations=30 (full 0):
 garbage-first heap   total 186368K, used 89561K [0x0000000081400000, 0x0000000100000000)
  region size 1024K, 22 young (22528K), 22 survivors (22528K)
 Metaspace       used 52177K, committed 52672K, reserved 1097728K
  class space    used 8649K, committed 8896K, reserved 1048576K
}
Event: 73.689 GC heap before
{Heap before GC invocations=30 (full 0):
 garbage-first heap   total 186368K, used 122329K [0x0000000081400000, 0x0000000100000000)
  region size 1024K, 55 young (56320K), 22 survivors (22528K)
 Metaspace       used 53562K, committed 54080K, reserved 1097728K
  class space    used 8750K, committed 8960K, reserved 1048576K
}
Event: 73.707 GC heap after
{Heap after GC invocations=31 (full 0):
 garbage-first heap   total 186368K, used 99289K [0x0000000081400000, 0x0000000100000000)
  region size 1024K, 7 young (7168K), 7 survivors (7168K)
 Metaspace       used 53562K, committed 54080K, reserved 1097728K
  class space    used 8750K, committed 8960K, reserved 1048576K
}
Event: 133.237 GC heap before
{Heap before GC invocations=32 (full 0):
 garbage-first heap   total 186368K, used 128985K [0x0000000081400000, 0x0000000100000000)
  region size 1024K, 36 young (36864K), 7 survivors (7168K)
 Metaspace       used 53606K, committed 54080K, reserved 1097728K
  class space    used 8745K, committed 8960K, reserved 1048576K
}
Event: 133.248 GC heap after
{Heap after GC invocations=33 (full 0):
 garbage-first heap   total 186368K, used 101811K [0x0000000081400000, 0x0000000100000000)
  region size 1024K, 2 young (2048K), 2 survivors (2048K)
 Metaspace       used 53606K, committed 54080K, reserved 1097728K
  class space    used 8745K, committed 8960K, reserved 1048576K
}

Deoptimization events (20 events):
Event: 141.962 Thread 0x00000209ee69c880 Uncommon trap: trap_request=0xffffff45 fr.pc=0x0000020987e15110 relative=0x0000000000000df0
Event: 141.962 Thread 0x00000209ee69c880 Uncommon trap: reason=unstable_if action=reinterpret pc=0x0000020987e15110 method=mindustry.ui.fragments.PlacementFragment.lambda$build$8(Lmindustry/world/Block;Larc/scene/ui/ImageButton;)V @ 16 c2
Event: 141.962 Thread 0x00000209ee69c880 DEOPT PACKING pc=0x0000020987e15110 sp=0x0000000eb77fed50
Event: 141.962 Thread 0x00000209ee69c880 DEOPT UNPACKING pc=0x00000209800523a3 sp=0x0000000eb77fecd0 mode 2
Event: 141.970 Thread 0x00000209ee69c880 Uncommon trap: trap_request=0xffffffde fr.pc=0x0000020987fb4f08 relative=0x00000000000044c8
Event: 141.970 Thread 0x00000209ee69c880 Uncommon trap: reason=class_check action=maybe_recompile pc=0x0000020987fb4f08 method=unitinfo.core.BarInfo.getInfo(Lmindustry/gen/Teamc;)V @ 10 c2
Event: 141.970 Thread 0x00000209ee69c880 DEOPT PACKING pc=0x0000020987fb4f08 sp=0x0000000eb77ff0f0
Event: 141.971 Thread 0x00000209ee69c880 DEOPT UNPACKING pc=0x00000209800523a3 sp=0x0000000eb77ff0b0 mode 2
Event: 141.987 Thread 0x00000209ee69c880 Uncommon trap: trap_request=0xffffffde fr.pc=0x0000020987fb4f08 relative=0x00000000000044c8
Event: 141.987 Thread 0x00000209ee69c880 Uncommon trap: reason=class_check action=maybe_recompile pc=0x0000020987fb4f08 method=unitinfo.core.BarInfo.getInfo(Lmindustry/gen/Teamc;)V @ 10 c2
Event: 141.987 Thread 0x00000209ee69c880 DEOPT PACKING pc=0x0000020987fb4f08 sp=0x0000000eb77ff0f0
Event: 141.987 Thread 0x00000209ee69c880 DEOPT UNPACKING pc=0x00000209800523a3 sp=0x0000000eb77ff0b0 mode 2
Event: 142.005 Thread 0x00000209ee69c880 Uncommon trap: trap_request=0xffffffde fr.pc=0x0000020987fb4f08 relative=0x00000000000044c8
Event: 142.005 Thread 0x00000209ee69c880 Uncommon trap: reason=class_check action=maybe_recompile pc=0x0000020987fb4f08 method=unitinfo.core.BarInfo.getInfo(Lmindustry/gen/Teamc;)V @ 10 c2
Event: 142.005 Thread 0x00000209ee69c880 DEOPT PACKING pc=0x0000020987fb4f08 sp=0x0000000eb77ff0f0
Event: 142.005 Thread 0x00000209ee69c880 DEOPT UNPACKING pc=0x00000209800523a3 sp=0x0000000eb77ff0b0 mode 2
Event: 142.742 Thread 0x00000209b6f9b8a0 Uncommon trap: trap_request=0xffffffde fr.pc=0x0000020987f54330 relative=0x0000000000001bf0
Event: 142.742 Thread 0x00000209b6f9b8a0 Uncommon trap: reason=class_check action=maybe_recompile pc=0x0000020987f54330 method=java.util.concurrent.Executors$RunnableAdapter.call()Ljava/lang/Object; @ 4 c2
Event: 142.742 Thread 0x00000209b6f9b8a0 DEOPT PACKING pc=0x0000020987f54330 sp=0x0000000eb9fff4e0
Event: 142.742 Thread 0x00000209b6f9b8a0 DEOPT UNPACKING pc=0x00000209800523a3 sp=0x0000000eb9fff4d0 mode 2

Classes unloaded (10 events):
Event: 11.595 Thread 0x00000209fcef8170 Unloading class 0x0000000800f78800 'rhino/gen/main_js_5'
Event: 11.595 Thread 0x00000209fcef8170 Unloading class 0x0000000800f78000 'rhino/gen/initscript_js_4'
Event: 13.568 Thread 0x00000209fcef8170 Unloading class 0x000000080132a000 'java/lang/invoke/LambdaForm$DMH+0x000000080132a000'
Event: 73.828 Thread 0x00000209fcef8170 Unloading class 0x000000080135b000 'rhino/gen/approach_valid_js_18'
Event: 73.828 Thread 0x00000209fcef8170 Unloading class 0x000000080135a800 'rhino/gen/approach_init_js_17'
Event: 73.828 Thread 0x00000209fcef8170 Unloading class 0x000000080135a000 'rhino/gen/approach_executor_js_16'
Event: 73.828 Thread 0x00000209fcef8170 Unloading class 0x0000000801359800 'rhino/gen/approach_init_js_15'
Event: 73.828 Thread 0x00000209fcef8170 Unloading class 0x0000000801359000 'rhino/gen/collect_init_js_14'
Event: 73.828 Thread 0x00000209fcef8170 Unloading class 0x0000000801358800 'rhino/gen/collect_executor_js_13'
Event: 73.828 Thread 0x00000209fcef8170 Unloading class 0x0000000801358000 'rhino/gen/collect_init_js_12'

Classes redefined (0 events):
No events

Internal exceptions (20 events):
Event: 135.374 Thread 0x00000209ee69c880 Exception <a 'java/io/IOException'{0x0000000092c4dcc0}> (0x0000000092c4dcc0) 
thrown [t:\workspace\open\src\hotspot\share\prims\jni.cpp, line 516]
Event: 136.374 Thread 0x00000209ee69c880 Exception <a 'java/io/IOException'{0x0000000092cfa650}> (0x0000000092cfa650) 
thrown [t:\workspace\open\src\hotspot\share\prims\jni.cpp, line 516]
Event: 136.374 Thread 0x00000209ee69c880 Exception <a 'java/io/IOException'{0x0000000092cfaa28}> (0x0000000092cfaa28) 
thrown [t:\workspace\open\src\hotspot\share\prims\jni.cpp, line 516]
Event: 137.391 Thread 0x00000209ee69c880 Exception <a 'java/io/IOException'{0x0000000092b939c8}> (0x0000000092b939c8) 
thrown [t:\workspace\open\src\hotspot\share\prims\jni.cpp, line 516]
Event: 137.391 Thread 0x00000209ee69c880 Exception <a 'java/io/IOException'{0x0000000092b93da0}> (0x0000000092b93da0) 
thrown [t:\workspace\open\src\hotspot\share\prims\jni.cpp, line 516]
Event: 138.407 Thread 0x00000209ee69c880 Exception <a 'java/io/IOException'{0x0000000092a144f8}> (0x0000000092a144f8) 
thrown [t:\workspace\open\src\hotspot\share\prims\jni.cpp, line 516]
Event: 138.407 Thread 0x00000209ee69c880 Exception <a 'java/io/IOException'{0x0000000092a148d0}> (0x0000000092a148d0) 
thrown [t:\workspace\open\src\hotspot\share\prims\jni.cpp, line 516]
Event: 139.407 Thread 0x00000209ee69c880 Exception <a 'java/io/IOException'{0x0000000092a93250}> (0x0000000092a93250) 
thrown [t:\workspace\open\src\hotspot\share\prims\jni.cpp, line 516]
Event: 139.408 Thread 0x00000209ee69c880 Exception <a 'java/io/IOException'{0x0000000092a93628}> (0x0000000092a93628) 
thrown [t:\workspace\open\src\hotspot\share\prims\jni.cpp, line 516]
Event: 140.423 Thread 0x00000209ee69c880 Exception <a 'java/io/IOException'{0x000000008ad16ae0}> (0x000000008ad16ae0) 
thrown [t:\workspace\open\src\hotspot\share\prims\jni.cpp, line 516]
Event: 140.423 Thread 0x00000209ee69c880 Exception <a 'java/io/IOException'{0x000000008ad16eb8}> (0x000000008ad16eb8) 
thrown [t:\workspace\open\src\hotspot\share\prims\jni.cpp, line 516]
Event: 141.490 Thread 0x00000209ee69c880 Exception <a 'java/io/IOException'{0x000000008adb69b8}> (0x000000008adb69b8) 
thrown [t:\workspace\open\src\hotspot\share\prims\jni.cpp, line 516]
Event: 141.490 Thread 0x00000209ee69c880 Exception <a 'java/io/IOException'{0x000000008adb6d90}> (0x000000008adb6d90) 
thrown [t:\workspace\open\src\hotspot\share\prims\jni.cpp, line 516]
Event: 141.941 Thread 0x00000209ee69c880 Implicit null exception at 0x0000020987fc1748 to 0x0000020987fc17c8
Event: 141.942 Thread 0x00000209b6f9e8c0 Exception <a 'java/lang/InterruptedException'{0x000000008ac4f7f0}: sleep interrupted> (0x000000008ac4f7f0) 
thrown [t:\workspace\open\src\hotspot\share\prims\jvm.cpp, line 3067]
Event: 141.962 Thread 0x00000209ee69c880 Implicit null exception at 0x0000020987b7b006 to 0x0000020987b7b0e0
Event: 141.962 Thread 0x00000209ee69c880 Implicit null exception at 0x0000020987b7aad6 to 0x0000020987b7ab98
Event: 142.506 Thread 0x00000209ee69c880 Exception <a 'java/io/IOException'{0x000000008acc6f70}> (0x000000008acc6f70) 
thrown [t:\workspace\open\src\hotspot\share\prims\jni.cpp, line 516]
Event: 142.506 Thread 0x00000209ee69c880 Exception <a 'java/io/IOException'{0x000000008acc7348}> (0x000000008acc7348) 
thrown [t:\workspace\open\src\hotspot\share\prims\jni.cpp, line 516]
Event: 142.738 Thread 0x00000209ee69c880 Exception <a 'java/lang/IncompatibleClassChangeError'{0x000000008acd6f50}: Found class java.lang.Object, but interface was expected> (0x000000008acd6f50) 
thrown [t:\workspace\open\src\hotspot\share\interpreter\linkResolver.cpp, line 833]

VM Operations (20 events):
Event: 127.034 Executing VM operation: Cleanup
Event: 127.034 Executing VM operation: Cleanup done
Event: 129.034 Executing VM operation: Cleanup
Event: 129.034 Executing VM operation: Cleanup done
Event: 132.036 Executing VM operation: Cleanup
Event: 132.036 Executing VM operation: Cleanup done
Event: 133.237 Executing VM operation: G1CollectForAllocation
Event: 133.248 Executing VM operation: G1CollectForAllocation done
Event: 135.247 Executing VM operation: Cleanup
Event: 135.247 Executing VM operation: Cleanup done
Event: 136.247 Executing VM operation: Cleanup
Event: 136.248 Executing VM operation: Cleanup done
Event: 137.248 Executing VM operation: Cleanup
Event: 137.248 Executing VM operation: Cleanup done
Event: 138.248 Executing VM operation: Cleanup
Event: 138.248 Executing VM operation: Cleanup done
Event: 140.248 Executing VM operation: Cleanup
Event: 140.249 Executing VM operation: Cleanup done
Event: 142.249 Executing VM operation: Cleanup
Event: 142.249 Executing VM operation: Cleanup done

Events (20 events):
Event: 93.027 Thread 0x00000209fcf2ade0 flushing nmethod 0x0000020987e9a110
Event: 93.027 Thread 0x00000209fcf2ade0 flushing nmethod 0x0000020987ea2010
Event: 93.027 Thread 0x00000209fcf2ade0 flushing nmethod 0x0000020987ead190
Event: 93.028 Thread 0x00000209fcf2ade0 flushing nmethod 0x000002098072e710
Event: 93.030 Thread 0x00000209fcf2ade0 flushing nmethod 0x0000020980962c10
Event: 93.030 Thread 0x00000209fcf2ade0 flushing nmethod 0x000002098099dd10
Event: 93.031 Thread 0x00000209fcf2ade0 flushing nmethod 0x0000020980a09210
Event: 93.031 Thread 0x00000209fcf2ade0 flushing nmethod 0x0000020980baca90
Event: 93.033 Thread 0x00000209fcf2ade0 flushing nmethod 0x0000020980eb1790
Event: 93.033 Thread 0x00000209fcf2ade0 flushing nmethod 0x0000020980ec6790
Event: 93.033 Thread 0x00000209fcf2ade0 flushing nmethod 0x0000020980ec6d10
Event: 93.033 Thread 0x00000209fcf2ade0 flushing nmethod 0x0000020980ee0c90
Event: 93.033 Thread 0x00000209fcf2ade0 flushing nmethod 0x0000020980f82910
Event: 93.033 Thread 0x00000209fcf2ade0 flushing nmethod 0x0000020980f83c10
Event: 93.033 Thread 0x00000209fcf2ade0 flushing nmethod 0x0000020980fb0310
Event: 101.097 Thread 0x00000209b785be70 Thread added: 0x00000209b785be70
Event: 102.939 Thread 0x00000209b785be70 Thread exited: 0x00000209b785be70
Event: 141.942 Thread 0x00000209b6f9e8c0 Thread exited: 0x00000209b6f9e8c0
Event: 142.742 Thread 0x0000020996346c40 Thread added: 0x0000020996346c40
Event: 142.743 Thread 0x00000209b6fa0a70 Thread exited: 0x00000209b6fa0a70


Dynamic libraries:
0x00007ff652f80000 - 0x00007ff652f90000 	C:\Program Files\Java\jdk-17.0.2\bin\javaw.exe
0x00007ff80c370000 - 0x00007ff80c565000 	C:\WINDOWS\SYSTEM32\ntdll.dll
0x00007ff80ac50000 - 0x00007ff80ad0d000 	C:\WINDOWS\System32\KERNEL32.DLL
0x00007ff80a0a0000 - 0x00007ff80a36d000 	C:\WINDOWS\System32\KERNELBASE.dll
0x00007ff809ae0000 - 0x00007ff809be0000 	C:\WINDOWS\System32\ucrtbase.dll
0x00007ffff55f0000 - 0x00007ffff560a000 	C:\Program Files\Java\jdk-17.0.2\bin\VCRUNTIME140.dll
0x00007fffef140000 - 0x00007fffef158000 	C:\Program Files\Java\jdk-17.0.2\bin\jli.dll
0x00007ff80bfe0000 - 0x00007ff80c08e000 	C:\WINDOWS\System32\ADVAPI32.dll
0x00007ff80b340000 - 0x00007ff80b3de000 	C:\WINDOWS\System32\msvcrt.dll
0x00007ff80c0b0000 - 0x00007ff80c14c000 	C:\WINDOWS\System32\sechost.dll
0x00007ff80c200000 - 0x00007ff80c325000 	C:\WINDOWS\System32\RPCRT4.dll
0x00007ff80be40000 - 0x00007ff80bfe0000 	C:\WINDOWS\System32\USER32.dll
0x00007ff809ab0000 - 0x00007ff809ad2000 	C:\WINDOWS\System32\win32u.dll
0x00007ffff4680000 - 0x00007ffff491a000 	C:\WINDOWS\WinSxS\amd64_microsoft.windows.common-controls_6595b64144ccf1df_6.0.19041.1110_none_60b5254171f9507e\COMCTL32.dll
0x00007ff80be10000 - 0x00007ff80be3a000 	C:\WINDOWS\System32\GDI32.dll
0x00007ff809be0000 - 0x00007ff809ceb000 	C:\WINDOWS\System32\gdi32full.dll
0x00007ff809ea0000 - 0x00007ff809f3d000 	C:\WINDOWS\System32\msvcp_win.dll
0x00007ffff6f10000 - 0x00007ffff6f1a000 	C:\WINDOWS\SYSTEM32\VERSION.dll
0x00007ff80a4b0000 - 0x00007ff80a4e0000 	C:\WINDOWS\System32\IMM32.DLL
0x00007ff802af0000 - 0x00007ff802afc000 	C:\Program Files\Java\jdk-17.0.2\bin\vcruntime140_1.dll
0x00007fffec580000 - 0x00007fffec60d000 	C:\Program Files\Java\jdk-17.0.2\bin\msvcp140.dll
0x00007fffc3730000 - 0x00007fffc42f1000 	C:\Program Files\Java\jdk-17.0.2\bin\server\jvm.dll
0x00007ff80bce0000 - 0x00007ff80bce8000 	C:\WINDOWS\System32\PSAPI.DLL
0x00007ffff70d0000 - 0x00007ffff70d9000 	C:\WINDOWS\SYSTEM32\WSOCK32.dll
0x00007ffff88b0000 - 0x00007ffff88d7000 	C:\WINDOWS\SYSTEM32\WINMM.dll
0x00007ff80bda0000 - 0x00007ff80be0b000 	C:\WINDOWS\System32\WS2_32.dll
0x00007ff807980000 - 0x00007ff807992000 	C:\WINDOWS\SYSTEM32\kernel.appcore.dll
0x00007ff802680000 - 0x00007ff80268a000 	C:\Program Files\Java\jdk-17.0.2\bin\jimage.dll
0x00007ffff9e70000 - 0x00007ffffa054000 	C:\WINDOWS\SYSTEM32\DBGHELP.DLL
0x00007ffffa610000 - 0x00007ffffa63c000 	C:\WINDOWS\SYSTEM32\dbgcore.DLL
0x00007ff809cf0000 - 0x00007ff809d72000 	C:\WINDOWS\System32\bcryptPrimitives.dll
0x00007fffef180000 - 0x00007fffef1a5000 	C:\Program Files\Java\jdk-17.0.2\bin\java.dll
0x00007fffec4a0000 - 0x00007fffec576000 	C:\Program Files\Java\jdk-17.0.2\bin\jsvml.dll
0x00007ff80b440000 - 0x00007ff80bb84000 	C:\WINDOWS\System32\SHELL32.dll
0x00007ff807b80000 - 0x00007ff808314000 	C:\WINDOWS\SYSTEM32\windows.storage.dll
0x00007ff80afe0000 - 0x00007ff80b334000 	C:\WINDOWS\System32\combase.dll
0x00007ff809410000 - 0x00007ff80943c000 	C:\WINDOWS\SYSTEM32\Wldp.dll
0x00007ff80c150000 - 0x00007ff80c1fd000 	C:\WINDOWS\System32\SHCORE.dll
0x00007ff80ab20000 - 0x00007ff80ab75000 	C:\WINDOWS\System32\shlwapi.dll
0x00007ff8099c0000 - 0x00007ff8099df000 	C:\WINDOWS\SYSTEM32\profapi.dll
0x00007fffef160000 - 0x00007fffef179000 	C:\Program Files\Java\jdk-17.0.2\bin\net.dll
0x00007ffffc500000 - 0x00007ffffc60a000 	C:\WINDOWS\SYSTEM32\WINHTTP.dll
0x00007ff809170000 - 0x00007ff8091da000 	C:\WINDOWS\system32\mswsock.dll
0x00007fffec700000 - 0x00007fffec716000 	C:\Program Files\Java\jdk-17.0.2\bin\nio.dll
0x00007fffec6e0000 - 0x00007fffec6f8000 	C:\Program Files\Java\jdk-17.0.2\bin\zip.dll
0x0000000069eb0000 - 0x0000000069f78000 	C:\Users\fred8\AppData\Local\Temp\arc\5f24d8af\arc64.dll
0x0000000069c30000 - 0x0000000069eac000 	C:\Users\fred8\AppData\Local\Temp\arc\d279e965\sdl-arc64.dll
0x00007ff80a9f0000 - 0x00007ff80ab1a000 	C:\WINDOWS\System32\ole32.dll
0x00007ff80ab80000 - 0x00007ff80ac4d000 	C:\WINDOWS\System32\OLEAUT32.dll
0x00007ff80a4e0000 - 0x00007ff80a951000 	C:\WINDOWS\System32\SETUPAPI.dll
0x00007ff80a370000 - 0x00007ff80a3be000 	C:\WINDOWS\System32\cfgmgr32.dll
0x00007fffded60000 - 0x00007fffdee86000 	C:\WINDOWS\SYSTEM32\OPENGL32.dll
0x00007ff809a80000 - 0x00007ff809aa7000 	C:\WINDOWS\System32\bcrypt.dll
0x00007fffe5860000 - 0x00007fffe588c000 	C:\WINDOWS\SYSTEM32\GLU32.dll
0x00007ff8074a0000 - 0x00007ff80753e000 	C:\WINDOWS\system32\uxtheme.dll
0x00007ff803990000 - 0x00007ff803b44000 	C:\WINDOWS\SYSTEM32\WindowsCodecs.dll
0x00007ff803e90000 - 0x00007ff803f3e000 	C:\WINDOWS\SYSTEM32\mscms.dll
0x00007ff803be0000 - 0x00007ff803bf1000 	C:\WINDOWS\SYSTEM32\ColorAdapterClient.dll
0x00007ff809940000 - 0x00007ff80996e000 	C:\WINDOWS\SYSTEM32\USERENV.dll
0x00007fffec450000 - 0x00007fffec493000 	C:\WINDOWS\SYSTEM32\icm32.dll
0x0000000180000000 - 0x0000000180040000 	C:\Program Files\Fasoo DRM\f_nxa.dll
0x0000000061000000 - 0x00000000611d7000 	C:\Program Files\Fasoo DRM\f_sps.dll
0x00007ff808780000 - 0x00007ff8087b3000 	C:\WINDOWS\SYSTEM32\ntmarta.dll
0x00007ffff7160000 - 0x00007ffff7167000 	C:\WINDOWS\SYSTEM32\msimg32.dll
0x00007ffff4bc0000 - 0x00007ffff4c54000 	C:\WINDOWS\SYSTEM32\winspool.drv
0x00007ff805790000 - 0x00007ff8057a4000 	C:\WINDOWS\SYSTEM32\wtsapi32.dll
0x00007ff80aec0000 - 0x00007ff80afd5000 	C:\WINDOWS\System32\MSCTF.dll
0x00007ff80bcf0000 - 0x00007ff80bd99000 	C:\WINDOWS\System32\clbcatq.dll
0x00007fffc2810000 - 0x00007fffc372b000 	C:\WINDOWS\System32\DriverStore\FileRepository\igdlh64.inf_amd64_cc2f3842df008f96\ig9icd64.dll
0x00007ff807690000 - 0x00007ff8076bf000 	C:\WINDOWS\system32\dwmapi.dll
0x00007ff808380000 - 0x00007ff808473000 	C:\WINDOWS\system32\dxgi.dll
0x00007ff8002c0000 - 0x00007ff800464000 	C:\WINDOWS\System32\DriverStore\FileRepository\igdlh64.inf_amd64_cc2f3842df008f96\igdgmm64.dll
0x00007ffffc8e0000 - 0x00007ffffed7b000 	C:\WINDOWS\System32\DriverStore\FileRepository\igdlh64.inf_amd64_cc2f3842df008f96\igc64.dll
0x00007ff8098f0000 - 0x00007ff80993b000 	C:\WINDOWS\SYSTEM32\powrprof.dll
0x00007ff809820000 - 0x00007ff809832000 	C:\WINDOWS\SYSTEM32\UMPDC.dll
0x00007ff8054c0000 - 0x00007ff8055b6000 	C:\WINDOWS\SYSTEM32\PROPSYS.dll
0x00007ffff7ac0000 - 0x00007ffff7bb9000 	C:\WINDOWS\SYSTEM32\textinputframework.dll
0x00007ff8069b0000 - 0x00007ff806d0e000 	C:\WINDOWS\System32\CoreUIComponents.dll
0x00007ff807090000 - 0x00007ff807182000 	C:\WINDOWS\System32\CoreMessaging.dll
0x00007ff8059d0000 - 0x00007ff805b24000 	C:\WINDOWS\SYSTEM32\wintypes.dll
0x00007fffdcd60000 - 0x00007fffdcda1000 	C:\Windows\System32\IME\IMEKR\imkrapi.dll
0x00007ff805210000 - 0x00007ff8052b0000 	C:\WINDOWS\SYSTEM32\policymanager.dll
0x00007ff808b80000 - 0x00007ff808c0a000 	C:\WINDOWS\SYSTEM32\msvcp110_win.dll
0x00007fffdcd20000 - 0x00007fffdcd5e000 	C:\Windows\System32\IME\shared\imjkapi.dll
0x00007ff800020000 - 0x00007ff8000a5000 	C:\WINDOWS\System32\MMDevApi.dll
0x00007ff8097e0000 - 0x00007ff80980c000 	C:\WINDOWS\System32\DEVOBJ.dll
0x00007ffff78a0000 - 0x00007ffff7a22000 	C:\WINDOWS\SYSTEM32\AUDIOSES.DLL
0x00007ff807590000 - 0x00007ff8075a4000 	C:\WINDOWS\SYSTEM32\resourcepolicyclient.dll
0x00007ff809360000 - 0x00007ff809378000 	C:\WINDOWS\SYSTEM32\CRYPTSP.dll
0x00007ff808af0000 - 0x00007ff808b24000 	C:\WINDOWS\system32\rsaenh.dll
0x00007ff809380000 - 0x00007ff80938c000 	C:\WINDOWS\SYSTEM32\CRYPTBASE.dll
0x00007ff808e60000 - 0x00007ff808e9b000 	C:\WINDOWS\SYSTEM32\IPHLPAPI.DLL
0x00007ff80a3c0000 - 0x00007ff80a3c8000 	C:\WINDOWS\System32\NSI.dll
0x00007ff8002a0000 - 0x00007ff8002b7000 	C:\WINDOWS\SYSTEM32\dhcpcsvc6.DLL
0x00007ff800620000 - 0x00007ff80063d000 	C:\WINDOWS\SYSTEM32\dhcpcsvc.DLL
0x00007ff808ea0000 - 0x00007ff808f6b000 	C:\WINDOWS\SYSTEM32\DNSAPI.dll
0x0000000066f40000 - 0x0000000066fc3000 	C:\Users\fred8\AppData\Local\Temp\liblz4-java-12353676334429696237.so
0x00007ffffaa40000 - 0x00007ffffaa4e000 	C:\Program Files\Java\jdk-17.0.2\bin\sunmscapi.dll
0x00007ff809f40000 - 0x00007ff80a096000 	C:\WINDOWS\System32\CRYPT32.dll
0x00007ff809480000 - 0x00007ff8094a7000 	C:\WINDOWS\SYSTEM32\ncrypt.dll
0x00007ff809440000 - 0x00007ff80947b000 	C:\WINDOWS\SYSTEM32\NTASN1.dll
0x00007fffecb90000 - 0x00007fffecb97000 	C:\WINDOWS\system32\wshunix.dll
0x0000000069bc0000 - 0x0000000069c27000 	C:\Users\fred8\AppData\Local\Temp\arc\955ce679\arc-freetype64.dll
0x00007ffffb6a0000 - 0x00007ffffb6aa000 	C:\Windows\System32\rasadhlp.dll
0x00007ffffb970000 - 0x00007ffffb9f0000 	C:\WINDOWS\System32\fwpuclnt.dll

dbghelp: loaded successfully - version: 4.0.5 - missing functions: none
symbol engine: initialized successfully - sym options: 0x614 - pdb path: .;C:\Program Files\Java\jdk-17.0.2\bin;C:\WINDOWS\SYSTEM32;C:\WINDOWS\WinSxS\amd64_microsoft.windows.common-controls_6595b64144ccf1df_6.0.19041.1110_none_60b5254171f9507e;C:\Program Files\Java\jdk-17.0.2\bin\server;C:\Users\fred8\AppData\Local\Temp\arc\5f24d8af;C:\Users\fred8\AppData\Local\Temp\arc\d279e965;C:\Program Files\Fasoo DRM;C:\WINDOWS\System32\DriverStore\FileRepository\igdlh64.inf_amd64_cc2f3842df008f96;C:\Windows\System32\IME\IMEKR;C:\Windows\System32\IME\shared;C:\Users\fred8\AppData\Local\Temp;C:\Users\fred8\AppData\Local\Temp\arc\955ce679

VM Arguments:
java_command: C:\Users\fred8\Desktop\Mindustry\Mindustry.jar
java_class_path (initial): C:\Users\fred8\Desktop\Mindustry\Mindustry.jar
Launcher Type: SUN_STANDARD

[Global flags]
     intx CICompilerCount                          = 3                                         {product} {ergonomic}
     uint ConcGCThreads                            = 1                                         {product} {ergonomic}
     uint G1ConcRefinementThreads                  = 4                                         {product} {ergonomic}
   size_t G1HeapRegionSize                         = 1048576                                   {product} {ergonomic}
    uintx GCDrainStackTargetSize                   = 64                                        {product} {ergonomic}
   size_t InitialHeapSize                          = 134217728                                 {product} {ergonomic}
   size_t MarkStackSize                            = 4194304                                   {product} {ergonomic}
   size_t MaxHeapSize                              = 2126512128                                {product} {ergonomic}
   size_t MaxNewSize                               = 1275068416                                {product} {ergonomic}
   size_t MinHeapDeltaBytes                        = 1048576                                   {product} {ergonomic}
   size_t MinHeapSize                              = 8388608                                   {product} {ergonomic}
    uintx NonNMethodCodeHeapSize                   = 5832780                                {pd product} {ergonomic}
    uintx NonProfiledCodeHeapSize                  = 122912730                              {pd product} {ergonomic}
    uintx ProfiledCodeHeapSize                     = 122912730                              {pd product} {ergonomic}
    uintx ReservedCodeCacheSize                    = 251658240                              {pd product} {ergonomic}
     bool SegmentedCodeCache                       = true                                      {product} {ergonomic}
   size_t SoftMaxHeapSize                          = 2126512128                             {manageable} {ergonomic}
     bool UseCompressedClassPointers               = true                           {product lp64_product} {ergonomic}
     bool UseCompressedOops                        = true                           {product lp64_product} {ergonomic}
     bool UseG1GC                                  = true                                      {product} {ergonomic}
     bool UseLargePagesIndividualAllocation        = false                                  {pd product} {ergonomic}

Logging:
Log output configuration:
 #0: stdout all=warning uptime,level,tags
 #1: stderr all=off uptime,level,tags

Environment Variables:
JAVA_HOME=C:\Program Files\Java\jdk-16.0.2
CLASSPATH=C:\Program Files\Java\jdk-16.0.2\lib
PATH=C:\Program Files\Java\jdk-16.0.2\bin;C:\WINDOWS\system32;C:\WINDOWS;C:\WINDOWS\System32\Wbem;C:\WINDOWS\System32\WindowsPowerShell\v1.0\;C:\WINDOWS\System32\OpenSSH\;C:\Gradle\gradle-7.3.3\bin;C:\Program Files\Bandizip\;C:\Program Files\Git\cmd;C:\Users\fred8\AppData\Local\Programs\Python\Python310\Scripts\;C:\Users\fred8\AppData\Local\Programs\Python\Python310\;C:\Users\fred8\AppData\Local\Microsoft\WindowsApps;C:\Program Files\JetBrains\IntelliJ IDEA 2020.3.2\bin;;C:\Program Files\JetBrains\IntelliJ IDEA Community Edition 2021.2.3\bin;;C:\Users\fred8\AppData\Local\Programs\Microsoft VS Code\bin;C:\Users\fred8\AppData\Local\GitHubDesktop\bin
USERNAME=fred8
OS=Windows_NT
PROCESSOR_IDENTIFIER=Intel64 Family 6 Model 78 Stepping 3, GenuineIntel



---------------  S Y S T E M  ---------------

OS:
 Windows 10 , 64 bit Build 19041 (10.0.19041.1706)
OS uptime: 0 days 1:04 hours

CPU: total 4 (initial active 4) (2 cores per cpu, 2 threads per core) family 6 model 78 stepping 3 microcode 0xcc, cx8, cmov, fxsr, ht, mmx, 3dnowpref, sse, sse2, sse3, ssse3, sse4.1, sse4.2, popcnt, lzcnt, tsc, tscinvbit, avx, avx2, aes, erms, clmul, bmi1, bmi2, adx, fma, vzeroupper, clflush, clflushopt

Memory: 4k page, system-wide physical 8107M (1730M free)
TotalPageFile size 11291M (AvailPageFile size 2309M)
current process WorkingSet (physical memory assigned to process): 2346M, peak: 3265M
current process commit charge ("private bytes"): 2425M, peak: 3336M

vm_info: Java HotSpot(TM) 64-Bit Server VM (17.0.2+8-LTS-86) for windows-amd64 JRE (17.0.2+8-LTS-86), built on Dec  7 2021 21:51:03 by "mach5one" with MS VC++ 16.8 / 16.9 (VS2019)

END.
